{"/home/alabgh01/Desktop/client-sp/mocks/fileMock.js": {"path":"/home/alabgh01/Desktop/client-sp/mocks/fileMock.js","all":false,"statementMap":{"0":{"start":{"line":1,"column":0},"end":{"line":1,"column":20}}},"s":{"0":1},"branchMap":{},"b":{},"fnMap":{},"f":{}}
,"/home/alabgh01/Desktop/client-sp/src/App.js": {"path":"/home/alabgh01/Desktop/client-sp/src/App.js","all":false,"statementMap":{"0":{"start":{"line":1,"column":0},"end":{"line":1,"column":25}},"1":{"start":{"line":2,"column":0},"end":{"line":2,"column":26}},"2":{"start":{"line":3,"column":0},"end":{"line":3,"column":74}},"3":{"start":{"line":4,"column":0},"end":{"line":4,"column":5}},"4":{"start":{"line":5,"column":0},"end":{"line":5,"column":19}},"5":{"start":{"line":6,"column":0},"end":{"line":6,"column":15}},"6":{"start":{"line":7,"column":0},"end":{"line":7,"column":40}},"7":{"start":{"line":8,"column":0},"end":{"line":8,"column":32}},"8":{"start":{"line":9,"column":0},"end":{"line":9,"column":32}},"9":{"start":{"line":10,"column":0},"end":{"line":10,"column":38}},"10":{"start":{"line":11,"column":0},"end":{"line":11,"column":57}},"11":{"start":{"line":12,"column":0},"end":{"line":12,"column":58}},"12":{"start":{"line":13,"column":0},"end":{"line":13,"column":34}},"13":{"start":{"line":14,"column":0},"end":{"line":14,"column":48}},"14":{"start":{"line":15,"column":0},"end":{"line":15,"column":0}},"15":{"start":{"line":16,"column":0},"end":{"line":16,"column":19}},"16":{"start":{"line":17,"column":0},"end":{"line":17,"column":51}},"17":{"start":{"line":18,"column":0},"end":{"line":18,"column":43}},"18":{"start":{"line":19,"column":0},"end":{"line":19,"column":0}},"19":{"start":{"line":20,"column":0},"end":{"line":20,"column":16}},"20":{"start":{"line":21,"column":0},"end":{"line":21,"column":10}},"21":{"start":{"line":22,"column":0},"end":{"line":22,"column":10}},"22":{"start":{"line":23,"column":0},"end":{"line":23,"column":14}},"23":{"start":{"line":24,"column":0},"end":{"line":24,"column":16}},"24":{"start":{"line":25,"column":0},"end":{"line":25,"column":53}},"25":{"start":{"line":26,"column":0},"end":{"line":26,"column":16}},"26":{"start":{"line":27,"column":0},"end":{"line":27,"column":28}},"27":{"start":{"line":28,"column":0},"end":{"line":28,"column":21}},"28":{"start":{"line":29,"column":0},"end":{"line":29,"column":30}},"29":{"start":{"line":30,"column":0},"end":{"line":30,"column":28}},"30":{"start":{"line":31,"column":0},"end":{"line":31,"column":31}},"31":{"start":{"line":32,"column":0},"end":{"line":32,"column":13}},"32":{"start":{"line":33,"column":0},"end":{"line":33,"column":12}},"33":{"start":{"line":34,"column":0},"end":{"line":34,"column":57}},"34":{"start":{"line":35,"column":0},"end":{"line":35,"column":69}},"35":{"start":{"line":36,"column":0},"end":{"line":36,"column":16}},"36":{"start":{"line":37,"column":0},"end":{"line":37,"column":17}},"37":{"start":{"line":38,"column":0},"end":{"line":38,"column":27}},"38":{"start":{"line":39,"column":0},"end":{"line":39,"column":21}},"39":{"start":{"line":40,"column":0},"end":{"line":40,"column":30}},"40":{"start":{"line":41,"column":0},"end":{"line":41,"column":27}},"41":{"start":{"line":42,"column":0},"end":{"line":42,"column":31}},"42":{"start":{"line":43,"column":0},"end":{"line":43,"column":13}},"43":{"start":{"line":44,"column":0},"end":{"line":44,"column":12}},"44":{"start":{"line":45,"column":0},"end":{"line":45,"column":16}},"45":{"start":{"line":46,"column":0},"end":{"line":46,"column":35}},"46":{"start":{"line":47,"column":0},"end":{"line":47,"column":21}},"47":{"start":{"line":48,"column":0},"end":{"line":48,"column":30}},"48":{"start":{"line":49,"column":0},"end":{"line":49,"column":29}},"49":{"start":{"line":50,"column":0},"end":{"line":50,"column":31}},"50":{"start":{"line":51,"column":0},"end":{"line":51,"column":13}},"51":{"start":{"line":52,"column":0},"end":{"line":52,"column":12}},"52":{"start":{"line":53,"column":0},"end":{"line":53,"column":16}},"53":{"start":{"line":54,"column":0},"end":{"line":54,"column":25}},"54":{"start":{"line":55,"column":0},"end":{"line":55,"column":21}},"55":{"start":{"line":56,"column":0},"end":{"line":56,"column":26}},"56":{"start":{"line":57,"column":0},"end":{"line":57,"column":25}},"57":{"start":{"line":58,"column":0},"end":{"line":58,"column":27}},"58":{"start":{"line":59,"column":0},"end":{"line":59,"column":13}},"59":{"start":{"line":60,"column":0},"end":{"line":60,"column":12}},"60":{"start":{"line":61,"column":0},"end":{"line":61,"column":55}},"61":{"start":{"line":62,"column":0},"end":{"line":62,"column":17}},"62":{"start":{"line":63,"column":0},"end":{"line":63,"column":15}},"63":{"start":{"line":64,"column":0},"end":{"line":64,"column":24}},"64":{"start":{"line":65,"column":0},"end":{"line":65,"column":11}},"65":{"start":{"line":66,"column":0},"end":{"line":66,"column":4}},"66":{"start":{"line":67,"column":0},"end":{"line":67,"column":1}},"67":{"start":{"line":68,"column":0},"end":{"line":68,"column":0}},"68":{"start":{"line":69,"column":0},"end":{"line":69,"column":19}}},"s":{"0":1,"1":1,"2":1,"3":1,"4":1,"5":1,"6":1,"7":1,"8":1,"9":1,"10":1,"11":1,"12":1,"13":1,"14":1,"15":1,"16":1,"17":1,"18":1,"19":1,"20":1,"21":1,"22":1,"23":1,"24":1,"25":1,"26":1,"27":1,"28":1,"29":1,"30":1,"31":1,"32":1,"33":1,"34":1,"35":1,"36":1,"37":1,"38":1,"39":1,"40":1,"41":1,"42":1,"43":1,"44":1,"45":1,"46":1,"47":1,"48":1,"49":1,"50":1,"51":1,"52":1,"53":1,"54":1,"55":1,"56":1,"57":1,"58":1,"59":1,"60":1,"61":1,"62":1,"63":1,"64":1,"65":1,"66":1,"67":1,"68":1},"branchMap":{"0":{"type":"branch","line":20,"loc":{"start":{"line":20,"column":0},"end":{"line":67,"column":1}},"locations":[{"start":{"line":20,"column":0},"end":{"line":67,"column":1}}]}},"b":{"0":[1]},"fnMap":{"0":{"name":"App","decl":{"start":{"line":20,"column":0},"end":{"line":67,"column":1}},"loc":{"start":{"line":20,"column":0},"end":{"line":67,"column":1}},"line":20}},"f":{"0":1}}
,"/home/alabgh01/Desktop/client-sp/src/globalVars.js": {"path":"/home/alabgh01/Desktop/client-sp/src/globalVars.js","all":false,"statementMap":{"0":{"start":{"line":1,"column":0},"end":{"line":1,"column":23}},"1":{"start":{"line":2,"column":0},"end":{"line":2,"column":16}},"2":{"start":{"line":3,"column":0},"end":{"line":3,"column":42}},"3":{"start":{"line":4,"column":0},"end":{"line":4,"column":54}},"4":{"start":{"line":5,"column":0},"end":{"line":5,"column":44}},"5":{"start":{"line":6,"column":0},"end":{"line":6,"column":2}}},"s":{"0":1,"1":1,"2":1,"3":1,"4":1,"5":1},"branchMap":{},"b":{},"fnMap":{},"f":{}}
,"/home/alabgh01/Desktop/client-sp/src/components/adminOptions/AddAdmin.js": {"path":"/home/alabgh01/Desktop/client-sp/src/components/adminOptions/AddAdmin.js","all":false,"statementMap":{"0":{"start":{"line":1,"column":0},"end":{"line":1,"column":25}},"1":{"start":{"line":2,"column":0},"end":{"line":2,"column":40}},"2":{"start":{"line":3,"column":0},"end":{"line":3,"column":42}},"3":{"start":{"line":4,"column":0},"end":{"line":4,"column":0}},"4":{"start":{"line":5,"column":0},"end":{"line":5,"column":24}},"5":{"start":{"line":6,"column":0},"end":{"line":6,"column":47}},"6":{"start":{"line":7,"column":0},"end":{"line":7,"column":43}},"7":{"start":{"line":8,"column":0},"end":{"line":8,"column":47}},"8":{"start":{"line":9,"column":0},"end":{"line":9,"column":0}},"9":{"start":{"line":10,"column":0},"end":{"line":10,"column":41}},"10":{"start":{"line":11,"column":0},"end":{"line":11,"column":0}},"11":{"start":{"line":12,"column":0},"end":{"line":12,"column":39}},"12":{"start":{"line":13,"column":0},"end":{"line":13,"column":23}},"13":{"start":{"line":14,"column":0},"end":{"line":14,"column":48}},"14":{"start":{"line":15,"column":0},"end":{"line":15,"column":9}},"15":{"start":{"line":16,"column":0},"end":{"line":16,"column":35}},"16":{"start":{"line":17,"column":0},"end":{"line":17,"column":53}},"17":{"start":{"line":18,"column":0},"end":{"line":18,"column":9}},"18":{"start":{"line":19,"column":0},"end":{"line":19,"column":26}},"19":{"start":{"line":20,"column":0},"end":{"line":20,"column":20}},"20":{"start":{"line":21,"column":0},"end":{"line":21,"column":47}},"21":{"start":{"line":22,"column":0},"end":{"line":22,"column":47}},"22":{"start":{"line":23,"column":0},"end":{"line":23,"column":12}},"23":{"start":{"line":24,"column":0},"end":{"line":24,"column":9}},"24":{"start":{"line":25,"column":0},"end":{"line":25,"column":8}},"25":{"start":{"line":26,"column":0},"end":{"line":26,"column":41}},"26":{"start":{"line":27,"column":0},"end":{"line":27,"column":25}},"27":{"start":{"line":28,"column":0},"end":{"line":28,"column":41}},"28":{"start":{"line":29,"column":0},"end":{"line":29,"column":7}},"29":{"start":{"line":30,"column":0},"end":{"line":30,"column":56}},"30":{"start":{"line":31,"column":0},"end":{"line":31,"column":21}},"31":{"start":{"line":32,"column":0},"end":{"line":32,"column":24}},"32":{"start":{"line":33,"column":0},"end":{"line":33,"column":33}},"33":{"start":{"line":34,"column":0},"end":{"line":34,"column":15}},"34":{"start":{"line":35,"column":0},"end":{"line":35,"column":19}},"35":{"start":{"line":36,"column":0},"end":{"line":36,"column":28}},"36":{"start":{"line":37,"column":0},"end":{"line":37,"column":15}},"37":{"start":{"line":38,"column":0},"end":{"line":38,"column":24}},"38":{"start":{"line":39,"column":0},"end":{"line":39,"column":5}},"39":{"start":{"line":40,"column":0},"end":{"line":40,"column":4}},"40":{"start":{"line":41,"column":0},"end":{"line":41,"column":10}},"41":{"start":{"line":42,"column":0},"end":{"line":42,"column":40}},"42":{"start":{"line":43,"column":0},"end":{"line":43,"column":39}},"43":{"start":{"line":44,"column":0},"end":{"line":44,"column":38}},"44":{"start":{"line":45,"column":0},"end":{"line":45,"column":38}},"45":{"start":{"line":46,"column":0},"end":{"line":46,"column":16}},"46":{"start":{"line":47,"column":0},"end":{"line":47,"column":25}},"47":{"start":{"line":48,"column":0},"end":{"line":48,"column":54}},"48":{"start":{"line":49,"column":0},"end":{"line":49,"column":24}},"49":{"start":{"line":50,"column":0},"end":{"line":50,"column":24}},"50":{"start":{"line":51,"column":0},"end":{"line":51,"column":22}},"51":{"start":{"line":52,"column":0},"end":{"line":52,"column":47}},"52":{"start":{"line":53,"column":0},"end":{"line":53,"column":20}},"53":{"start":{"line":54,"column":0},"end":{"line":54,"column":12}},"54":{"start":{"line":55,"column":0},"end":{"line":55,"column":59}},"55":{"start":{"line":56,"column":0},"end":{"line":56,"column":0}},"56":{"start":{"line":57,"column":0},"end":{"line":57,"column":73}},"57":{"start":{"line":58,"column":0},"end":{"line":58,"column":67}},"58":{"start":{"line":59,"column":0},"end":{"line":59,"column":14}},"59":{"start":{"line":60,"column":0},"end":{"line":60,"column":13}},"60":{"start":{"line":61,"column":0},"end":{"line":61,"column":10}},"61":{"start":{"line":62,"column":0},"end":{"line":62,"column":4}},"62":{"start":{"line":63,"column":0},"end":{"line":63,"column":2}},"63":{"start":{"line":64,"column":0},"end":{"line":64,"column":0}},"64":{"start":{"line":65,"column":0},"end":{"line":65,"column":24}}},"s":{"0":1,"1":1,"2":1,"3":1,"4":1,"5":3,"6":3,"7":3,"8":3,"9":3,"10":3,"11":3,"12":1,"13":1,"14":1,"15":1,"16":1,"17":1,"18":1,"19":1,"20":1,"21":1,"22":1,"23":1,"24":1,"25":0,"26":0,"27":0,"28":0,"29":0,"30":0,"31":0,"32":0,"33":0,"34":1,"35":1,"36":1,"37":1,"38":3,"39":3,"40":3,"41":3,"42":3,"43":3,"44":3,"45":3,"46":3,"47":3,"48":3,"49":3,"50":3,"51":3,"52":3,"53":3,"54":3,"55":3,"56":3,"57":3,"58":3,"59":3,"60":3,"61":3,"62":3,"63":1,"64":1},"branchMap":{"0":{"type":"branch","line":5,"loc":{"start":{"line":5,"column":17},"end":{"line":63,"column":2}},"locations":[{"start":{"line":5,"column":17},"end":{"line":63,"column":2}}]},"1":{"type":"branch","line":57,"loc":{"start":{"line":57,"column":19},"end":{"line":57,"column":28}},"locations":[{"start":{"line":57,"column":19},"end":{"line":57,"column":28}}]},"2":{"type":"branch","line":57,"loc":{"start":{"line":57,"column":28},"end":{"line":57,"column":72}},"locations":[{"start":{"line":57,"column":28},"end":{"line":57,"column":72}}]},"3":{"type":"branch","line":58,"loc":{"start":{"line":58,"column":18},"end":{"line":58,"column":67}},"locations":[{"start":{"line":58,"column":18},"end":{"line":58,"column":67}}]},"4":{"type":"branch","line":12,"loc":{"start":{"line":12,"column":22},"end":{"line":12,"column":25}},"locations":[{"start":{"line":12,"column":22},"end":{"line":12,"column":25}}]},"5":{"type":"branch","line":12,"loc":{"start":{"line":12,"column":25},"end":{"line":38,"column":24}},"locations":[{"start":{"line":12,"column":25},"end":{"line":38,"column":24}}]},"6":{"type":"branch","line":12,"loc":{"start":{"line":12,"column":33},"end":{"line":38,"column":24}},"locations":[{"start":{"line":12,"column":33},"end":{"line":38,"column":24}}]},"7":{"type":"branch","line":12,"loc":{"start":{"line":12,"column":33},"end":{"line":25,"column":8}},"locations":[{"start":{"line":12,"column":33},"end":{"line":25,"column":8}}]},"8":{"type":"branch","line":25,"loc":{"start":{"line":25,"column":7},"end":{"line":26,"column":41}},"locations":[{"start":{"line":25,"column":7},"end":{"line":26,"column":41}}]},"9":{"type":"branch","line":26,"loc":{"start":{"line":26,"column":40},"end":{"line":28,"column":41}},"locations":[{"start":{"line":26,"column":40},"end":{"line":28,"column":41}}]},"10":{"type":"branch","line":28,"loc":{"start":{"line":28,"column":40},"end":{"line":34,"column":15}},"locations":[{"start":{"line":28,"column":40},"end":{"line":34,"column":15}}]},"11":{"type":"branch","line":35,"loc":{"start":{"line":35,"column":-1},"end":{"line":36,"column":28}},"locations":[{"start":{"line":35,"column":-1},"end":{"line":36,"column":28}}]},"12":{"type":"branch","line":37,"loc":{"start":{"line":37,"column":-1},"end":{"line":38,"column":24}},"locations":[{"start":{"line":37,"column":-1},"end":{"line":38,"column":24}}]},"13":{"type":"branch","line":48,"loc":{"start":{"line":48,"column":22},"end":{"line":48,"column":54}},"locations":[{"start":{"line":48,"column":22},"end":{"line":48,"column":54}}]}},"b":{"0":[3],"1":[1],"2":[1],"3":[0],"4":[3],"5":[1],"6":[3],"7":[1],"8":[0],"9":[0],"10":[0],"11":[1],"12":[1],"13":[1]},"fnMap":{"0":{"name":"AddAdmin","decl":{"start":{"line":5,"column":17},"end":{"line":63,"column":2}},"loc":{"start":{"line":5,"column":17},"end":{"line":63,"column":2}},"line":5},"1":{"name":"_callee","decl":{"start":{"line":12,"column":25},"end":{"line":38,"column":24}},"loc":{"start":{"line":12,"column":25},"end":{"line":38,"column":24}},"line":12},"2":{"name":"_callee$","decl":{"start":{"line":12,"column":33},"end":{"line":38,"column":24}},"loc":{"start":{"line":12,"column":33},"end":{"line":38,"column":24}},"line":12},"3":{"name":"onChange","decl":{"start":{"line":48,"column":22},"end":{"line":48,"column":54}},"loc":{"start":{"line":48,"column":22},"end":{"line":48,"column":54}},"line":48}},"f":{"0":3,"1":1,"2":3,"3":1}}
,"/home/alabgh01/Desktop/client-sp/src/components/adminOptions/AdminPopUp.js": {"path":"/home/alabgh01/Desktop/client-sp/src/components/adminOptions/AdminPopUp.js","all":false,"statementMap":{"0":{"start":{"line":1,"column":0},"end":{"line":1,"column":25}},"1":{"start":{"line":2,"column":0},"end":{"line":2,"column":51}},"2":{"start":{"line":3,"column":0},"end":{"line":3,"column":51}},"3":{"start":{"line":4,"column":0},"end":{"line":4,"column":35}},"4":{"start":{"line":5,"column":0},"end":{"line":5,"column":0}},"5":{"start":{"line":6,"column":0},"end":{"line":6,"column":26}},"6":{"start":{"line":7,"column":0},"end":{"line":7,"column":48}},"7":{"start":{"line":8,"column":0},"end":{"line":8,"column":19}},"8":{"start":{"line":9,"column":0},"end":{"line":9,"column":29}},"9":{"start":{"line":10,"column":0},"end":{"line":10,"column":54}},"10":{"start":{"line":11,"column":0},"end":{"line":11,"column":52}},"11":{"start":{"line":12,"column":0},"end":{"line":12,"column":26}},"12":{"start":{"line":13,"column":0},"end":{"line":13,"column":15}},"13":{"start":{"line":14,"column":0},"end":{"line":14,"column":7}},"14":{"start":{"line":15,"column":0},"end":{"line":15,"column":43}},"15":{"start":{"line":16,"column":0},"end":{"line":16,"column":37}},"16":{"start":{"line":17,"column":0},"end":{"line":17,"column":26}},"17":{"start":{"line":18,"column":0},"end":{"line":18,"column":15}},"18":{"start":{"line":19,"column":0},"end":{"line":19,"column":7}},"19":{"start":{"line":20,"column":0},"end":{"line":20,"column":23}},"20":{"start":{"line":21,"column":0},"end":{"line":21,"column":6}},"21":{"start":{"line":22,"column":0},"end":{"line":22,"column":16}},"22":{"start":{"line":23,"column":0},"end":{"line":23,"column":16}},"23":{"start":{"line":24,"column":0},"end":{"line":24,"column":0}},"24":{"start":{"line":25,"column":0},"end":{"line":25,"column":10}},"25":{"start":{"line":26,"column":0},"end":{"line":26,"column":9}},"26":{"start":{"line":27,"column":0},"end":{"line":27,"column":18}},"27":{"start":{"line":28,"column":0},"end":{"line":28,"column":36}},"28":{"start":{"line":29,"column":0},"end":{"line":29,"column":48}},"29":{"start":{"line":30,"column":0},"end":{"line":30,"column":14}},"30":{"start":{"line":31,"column":0},"end":{"line":31,"column":15}},"31":{"start":{"line":32,"column":0},"end":{"line":32,"column":10}},"32":{"start":{"line":33,"column":0},"end":{"line":33,"column":4}},"33":{"start":{"line":34,"column":0},"end":{"line":34,"column":2}},"34":{"start":{"line":35,"column":0},"end":{"line":35,"column":0}},"35":{"start":{"line":36,"column":0},"end":{"line":36,"column":26}}},"s":{"0":1,"1":1,"2":1,"3":1,"4":1,"5":1,"6":18,"7":18,"8":8,"9":8,"10":8,"11":6,"12":6,"13":6,"14":2,"15":2,"16":2,"17":2,"18":2,"19":0,"20":8,"21":8,"22":18,"23":18,"24":18,"25":18,"26":18,"27":0,"28":0,"29":0,"30":18,"31":18,"32":18,"33":18,"34":1,"35":1},"branchMap":{"0":{"type":"branch","line":6,"loc":{"start":{"line":6,"column":19},"end":{"line":34,"column":2}},"locations":[{"start":{"line":6,"column":19},"end":{"line":34,"column":2}}]},"1":{"type":"branch","line":27,"loc":{"start":{"line":27,"column":14},"end":{"line":30,"column":14}},"locations":[{"start":{"line":27,"column":14},"end":{"line":30,"column":14}}]},"2":{"type":"branch","line":8,"loc":{"start":{"line":8,"column":12},"end":{"line":23,"column":3}},"locations":[{"start":{"line":8,"column":12},"end":{"line":23,"column":3}}]},"3":{"type":"branch","line":9,"loc":{"start":{"line":9,"column":22},"end":{"line":21,"column":5}},"locations":[{"start":{"line":9,"column":22},"end":{"line":21,"column":5}}]},"4":{"type":"branch","line":11,"loc":{"start":{"line":11,"column":20},"end":{"line":11,"column":49}},"locations":[{"start":{"line":11,"column":20},"end":{"line":11,"column":49}}]},"5":{"type":"branch","line":11,"loc":{"start":{"line":11,"column":51},"end":{"line":21,"column":5}},"locations":[{"start":{"line":11,"column":51},"end":{"line":21,"column":5}}]},"6":{"type":"branch","line":14,"loc":{"start":{"line":14,"column":6},"end":{"line":19,"column":7}},"locations":[{"start":{"line":14,"column":6},"end":{"line":19,"column":7}}]},"7":{"type":"branch","line":19,"loc":{"start":{"line":19,"column":6},"end":{"line":21,"column":5}},"locations":[{"start":{"line":19,"column":6},"end":{"line":21,"column":5}}]}},"b":{"0":[18],"1":[0],"2":[8],"3":[8],"4":[2],"5":[6],"6":[2],"7":[0]},"fnMap":{"0":{"name":"AdminPopUp","decl":{"start":{"line":6,"column":19},"end":{"line":34,"column":2}},"loc":{"start":{"line":6,"column":19},"end":{"line":34,"column":2}},"line":6},"1":{"name":"adminAuth","decl":{"start":{"line":9,"column":22},"end":{"line":21,"column":5}},"loc":{"start":{"line":9,"column":22},"end":{"line":21,"column":5}},"line":9}},"f":{"0":18,"1":8}}
,"/home/alabgh01/Desktop/client-sp/src/components/adminOptions/DeletePost.js": {"path":"/home/alabgh01/Desktop/client-sp/src/components/adminOptions/DeletePost.js","all":false,"statementMap":{"0":{"start":{"line":1,"column":0},"end":{"line":1,"column":25}},"1":{"start":{"line":2,"column":0},"end":{"line":2,"column":40}},"2":{"start":{"line":3,"column":0},"end":{"line":3,"column":42}},"3":{"start":{"line":4,"column":0},"end":{"line":4,"column":0}},"4":{"start":{"line":5,"column":0},"end":{"line":5,"column":26}},"5":{"start":{"line":6,"column":0},"end":{"line":6,"column":47}},"6":{"start":{"line":7,"column":0},"end":{"line":7,"column":43}},"7":{"start":{"line":8,"column":0},"end":{"line":8,"column":47}},"8":{"start":{"line":9,"column":0},"end":{"line":9,"column":0}},"9":{"start":{"line":10,"column":0},"end":{"line":10,"column":49}},"10":{"start":{"line":11,"column":0},"end":{"line":11,"column":49}},"11":{"start":{"line":12,"column":0},"end":{"line":12,"column":45}},"12":{"start":{"line":13,"column":0},"end":{"line":13,"column":52}},"13":{"start":{"line":14,"column":0},"end":{"line":14,"column":0}},"14":{"start":{"line":15,"column":0},"end":{"line":15,"column":37}},"15":{"start":{"line":16,"column":0},"end":{"line":16,"column":23}},"16":{"start":{"line":17,"column":0},"end":{"line":17,"column":48}},"17":{"start":{"line":18,"column":0},"end":{"line":18,"column":55}},"18":{"start":{"line":19,"column":0},"end":{"line":19,"column":9}},"19":{"start":{"line":20,"column":0},"end":{"line":20,"column":75}},"20":{"start":{"line":21,"column":0},"end":{"line":21,"column":25}},"21":{"start":{"line":22,"column":0},"end":{"line":22,"column":18}},"22":{"start":{"line":23,"column":0},"end":{"line":23,"column":45}},"23":{"start":{"line":24,"column":0},"end":{"line":24,"column":45}},"24":{"start":{"line":25,"column":0},"end":{"line":25,"column":10}},"25":{"start":{"line":26,"column":0},"end":{"line":26,"column":39}},"26":{"start":{"line":27,"column":0},"end":{"line":27,"column":9}},"27":{"start":{"line":28,"column":0},"end":{"line":28,"column":41}},"28":{"start":{"line":29,"column":0},"end":{"line":29,"column":25}},"29":{"start":{"line":30,"column":0},"end":{"line":30,"column":41}},"30":{"start":{"line":31,"column":0},"end":{"line":31,"column":7}},"31":{"start":{"line":32,"column":0},"end":{"line":32,"column":33}},"32":{"start":{"line":33,"column":0},"end":{"line":33,"column":21}},"33":{"start":{"line":34,"column":0},"end":{"line":34,"column":24}},"34":{"start":{"line":35,"column":0},"end":{"line":35,"column":33}},"35":{"start":{"line":36,"column":0},"end":{"line":36,"column":15}},"36":{"start":{"line":37,"column":0},"end":{"line":37,"column":19}},"37":{"start":{"line":38,"column":0},"end":{"line":38,"column":28}},"38":{"start":{"line":39,"column":0},"end":{"line":39,"column":15}},"39":{"start":{"line":40,"column":0},"end":{"line":40,"column":24}},"40":{"start":{"line":41,"column":0},"end":{"line":41,"column":5}},"41":{"start":{"line":42,"column":0},"end":{"line":42,"column":4}},"42":{"start":{"line":43,"column":0},"end":{"line":43,"column":10}},"43":{"start":{"line":44,"column":0},"end":{"line":44,"column":42}},"44":{"start":{"line":45,"column":0},"end":{"line":45,"column":26}},"45":{"start":{"line":46,"column":0},"end":{"line":46,"column":36}},"46":{"start":{"line":47,"column":0},"end":{"line":47,"column":38}},"47":{"start":{"line":48,"column":0},"end":{"line":48,"column":16}},"48":{"start":{"line":49,"column":0},"end":{"line":49,"column":29}},"49":{"start":{"line":50,"column":0},"end":{"line":50,"column":58}},"50":{"start":{"line":51,"column":0},"end":{"line":51,"column":28}},"51":{"start":{"line":52,"column":0},"end":{"line":52,"column":28}},"52":{"start":{"line":53,"column":0},"end":{"line":53,"column":26}},"53":{"start":{"line":54,"column":0},"end":{"line":54,"column":36}},"54":{"start":{"line":55,"column":0},"end":{"line":55,"column":20}},"55":{"start":{"line":56,"column":0},"end":{"line":56,"column":12}},"56":{"start":{"line":57,"column":0},"end":{"line":57,"column":16}},"57":{"start":{"line":58,"column":0},"end":{"line":58,"column":29}},"58":{"start":{"line":59,"column":0},"end":{"line":59,"column":58}},"59":{"start":{"line":60,"column":0},"end":{"line":60,"column":28}},"60":{"start":{"line":61,"column":0},"end":{"line":61,"column":28}},"61":{"start":{"line":62,"column":0},"end":{"line":62,"column":26}},"62":{"start":{"line":63,"column":0},"end":{"line":63,"column":54}},"63":{"start":{"line":64,"column":0},"end":{"line":64,"column":20}},"64":{"start":{"line":65,"column":0},"end":{"line":65,"column":12}},"65":{"start":{"line":66,"column":0},"end":{"line":66,"column":16}},"66":{"start":{"line":67,"column":0},"end":{"line":67,"column":27}},"67":{"start":{"line":68,"column":0},"end":{"line":68,"column":56}},"68":{"start":{"line":69,"column":0},"end":{"line":69,"column":26}},"69":{"start":{"line":70,"column":0},"end":{"line":70,"column":26}},"70":{"start":{"line":71,"column":0},"end":{"line":71,"column":24}},"71":{"start":{"line":72,"column":0},"end":{"line":72,"column":38}},"72":{"start":{"line":73,"column":0},"end":{"line":73,"column":20}},"73":{"start":{"line":74,"column":0},"end":{"line":74,"column":12}},"74":{"start":{"line":75,"column":0},"end":{"line":75,"column":61}},"75":{"start":{"line":76,"column":0},"end":{"line":76,"column":0}},"76":{"start":{"line":77,"column":0},"end":{"line":77,"column":73}},"77":{"start":{"line":78,"column":0},"end":{"line":78,"column":67}},"78":{"start":{"line":79,"column":0},"end":{"line":79,"column":14}},"79":{"start":{"line":80,"column":0},"end":{"line":80,"column":13}},"80":{"start":{"line":81,"column":0},"end":{"line":81,"column":10}},"81":{"start":{"line":82,"column":0},"end":{"line":82,"column":4}},"82":{"start":{"line":83,"column":0},"end":{"line":83,"column":2}},"83":{"start":{"line":84,"column":0},"end":{"line":84,"column":0}},"84":{"start":{"line":85,"column":0},"end":{"line":85,"column":26}}},"s":{"0":1,"1":1,"2":1,"3":1,"4":1,"5":3,"6":3,"7":3,"8":3,"9":3,"10":3,"11":3,"12":3,"13":3,"14":3,"15":0,"16":0,"17":0,"18":0,"19":0,"20":0,"21":0,"22":0,"23":0,"24":0,"25":0,"26":0,"27":0,"28":0,"29":0,"30":0,"31":0,"32":0,"33":0,"34":0,"35":0,"36":0,"37":0,"38":0,"39":0,"40":3,"41":3,"42":3,"43":3,"44":3,"45":3,"46":3,"47":3,"48":3,"49":3,"50":3,"51":3,"52":3,"53":3,"54":3,"55":3,"56":3,"57":3,"58":3,"59":3,"60":3,"61":3,"62":3,"63":3,"64":3,"65":3,"66":3,"67":3,"68":3,"69":3,"70":3,"71":3,"72":3,"73":3,"74":3,"75":3,"76":3,"77":3,"78":3,"79":3,"80":3,"81":3,"82":3,"83":1,"84":1},"branchMap":{"0":{"type":"branch","line":5,"loc":{"start":{"line":5,"column":19},"end":{"line":83,"column":2}},"locations":[{"start":{"line":5,"column":19},"end":{"line":83,"column":2}}]},"1":{"type":"branch","line":77,"loc":{"start":{"line":77,"column":19},"end":{"line":77,"column":28}},"locations":[{"start":{"line":77,"column":19},"end":{"line":77,"column":28}}]},"2":{"type":"branch","line":77,"loc":{"start":{"line":77,"column":28},"end":{"line":77,"column":72}},"locations":[{"start":{"line":77,"column":28},"end":{"line":77,"column":72}}]},"3":{"type":"branch","line":78,"loc":{"start":{"line":78,"column":18},"end":{"line":78,"column":67}},"locations":[{"start":{"line":78,"column":18},"end":{"line":78,"column":67}}]},"4":{"type":"branch","line":15,"loc":{"start":{"line":15,"column":20},"end":{"line":15,"column":23}},"locations":[{"start":{"line":15,"column":20},"end":{"line":15,"column":23}}]},"5":{"type":"branch","line":59,"loc":{"start":{"line":59,"column":22},"end":{"line":59,"column":58}},"locations":[{"start":{"line":59,"column":22},"end":{"line":59,"column":58}}]},"6":{"type":"branch","line":68,"loc":{"start":{"line":68,"column":22},"end":{"line":68,"column":56}},"locations":[{"start":{"line":68,"column":22},"end":{"line":68,"column":56}}]}},"b":{"0":[3],"1":[0],"2":[0],"3":[0],"4":[3],"5":[1],"6":[1]},"fnMap":{"0":{"name":"DeletePost","decl":{"start":{"line":5,"column":19},"end":{"line":83,"column":2}},"loc":{"start":{"line":5,"column":19},"end":{"line":83,"column":2}},"line":5},"1":{"name":"_callee","decl":{"start":{"line":15,"column":23},"end":{"line":40,"column":24}},"loc":{"start":{"line":15,"column":23},"end":{"line":40,"column":24}},"line":15},"2":{"name":"onChange","decl":{"start":{"line":50,"column":22},"end":{"line":50,"column":58}},"loc":{"start":{"line":50,"column":22},"end":{"line":50,"column":58}},"line":50},"3":{"name":"onChange","decl":{"start":{"line":59,"column":22},"end":{"line":59,"column":58}},"loc":{"start":{"line":59,"column":22},"end":{"line":59,"column":58}},"line":59},"4":{"name":"onChange","decl":{"start":{"line":68,"column":22},"end":{"line":68,"column":56}},"loc":{"start":{"line":68,"column":22},"end":{"line":68,"column":56}},"line":68}},"f":{"0":3,"1":0,"2":0,"3":1,"4":1}}
,"/home/alabgh01/Desktop/client-sp/src/components/adminOptions/DeleteUser.js": {"path":"/home/alabgh01/Desktop/client-sp/src/components/adminOptions/DeleteUser.js","all":false,"statementMap":{"0":{"start":{"line":1,"column":0},"end":{"line":1,"column":25}},"1":{"start":{"line":2,"column":0},"end":{"line":2,"column":40}},"2":{"start":{"line":3,"column":0},"end":{"line":3,"column":42}},"3":{"start":{"line":4,"column":0},"end":{"line":4,"column":0}},"4":{"start":{"line":5,"column":0},"end":{"line":5,"column":26}},"5":{"start":{"line":6,"column":0},"end":{"line":6,"column":47}},"6":{"start":{"line":7,"column":0},"end":{"line":7,"column":43}},"7":{"start":{"line":8,"column":0},"end":{"line":8,"column":47}},"8":{"start":{"line":9,"column":0},"end":{"line":9,"column":0}},"9":{"start":{"line":10,"column":0},"end":{"line":10,"column":41}},"10":{"start":{"line":11,"column":0},"end":{"line":11,"column":0}},"11":{"start":{"line":12,"column":0},"end":{"line":12,"column":37}},"12":{"start":{"line":13,"column":0},"end":{"line":13,"column":23}},"13":{"start":{"line":14,"column":0},"end":{"line":14,"column":48}},"14":{"start":{"line":15,"column":0},"end":{"line":15,"column":9}},"15":{"start":{"line":16,"column":0},"end":{"line":16,"column":35}},"16":{"start":{"line":17,"column":0},"end":{"line":17,"column":55}},"17":{"start":{"line":18,"column":0},"end":{"line":18,"column":9}},"18":{"start":{"line":19,"column":0},"end":{"line":19,"column":27}},"19":{"start":{"line":20,"column":0},"end":{"line":20,"column":20}},"20":{"start":{"line":21,"column":0},"end":{"line":21,"column":47}},"21":{"start":{"line":22,"column":0},"end":{"line":22,"column":47}},"22":{"start":{"line":23,"column":0},"end":{"line":23,"column":12}},"23":{"start":{"line":24,"column":0},"end":{"line":24,"column":9}},"24":{"start":{"line":25,"column":0},"end":{"line":25,"column":8}},"25":{"start":{"line":26,"column":0},"end":{"line":26,"column":41}},"26":{"start":{"line":27,"column":0},"end":{"line":27,"column":25}},"27":{"start":{"line":28,"column":0},"end":{"line":28,"column":41}},"28":{"start":{"line":29,"column":0},"end":{"line":29,"column":7}},"29":{"start":{"line":30,"column":0},"end":{"line":30,"column":33}},"30":{"start":{"line":31,"column":0},"end":{"line":31,"column":21}},"31":{"start":{"line":32,"column":0},"end":{"line":32,"column":24}},"32":{"start":{"line":33,"column":0},"end":{"line":33,"column":33}},"33":{"start":{"line":34,"column":0},"end":{"line":34,"column":15}},"34":{"start":{"line":35,"column":0},"end":{"line":35,"column":19}},"35":{"start":{"line":36,"column":0},"end":{"line":36,"column":28}},"36":{"start":{"line":37,"column":0},"end":{"line":37,"column":15}},"37":{"start":{"line":38,"column":0},"end":{"line":38,"column":24}},"38":{"start":{"line":39,"column":0},"end":{"line":39,"column":5}},"39":{"start":{"line":40,"column":0},"end":{"line":40,"column":4}},"40":{"start":{"line":41,"column":0},"end":{"line":41,"column":10}},"41":{"start":{"line":42,"column":0},"end":{"line":42,"column":42}},"42":{"start":{"line":43,"column":0},"end":{"line":43,"column":26}},"43":{"start":{"line":44,"column":0},"end":{"line":44,"column":36}},"44":{"start":{"line":45,"column":0},"end":{"line":45,"column":38}},"45":{"start":{"line":46,"column":0},"end":{"line":46,"column":16}},"46":{"start":{"line":47,"column":0},"end":{"line":47,"column":25}},"47":{"start":{"line":48,"column":0},"end":{"line":48,"column":54}},"48":{"start":{"line":49,"column":0},"end":{"line":49,"column":24}},"49":{"start":{"line":50,"column":0},"end":{"line":50,"column":24}},"50":{"start":{"line":51,"column":0},"end":{"line":51,"column":22}},"51":{"start":{"line":52,"column":0},"end":{"line":52,"column":47}},"52":{"start":{"line":53,"column":0},"end":{"line":53,"column":20}},"53":{"start":{"line":54,"column":0},"end":{"line":54,"column":12}},"54":{"start":{"line":55,"column":0},"end":{"line":55,"column":61}},"55":{"start":{"line":56,"column":0},"end":{"line":56,"column":0}},"56":{"start":{"line":57,"column":0},"end":{"line":57,"column":73}},"57":{"start":{"line":58,"column":0},"end":{"line":58,"column":67}},"58":{"start":{"line":59,"column":0},"end":{"line":59,"column":14}},"59":{"start":{"line":60,"column":0},"end":{"line":60,"column":13}},"60":{"start":{"line":61,"column":0},"end":{"line":61,"column":10}},"61":{"start":{"line":62,"column":0},"end":{"line":62,"column":4}},"62":{"start":{"line":63,"column":0},"end":{"line":63,"column":2}},"63":{"start":{"line":64,"column":0},"end":{"line":64,"column":0}},"64":{"start":{"line":65,"column":0},"end":{"line":65,"column":26}}},"s":{"0":1,"1":1,"2":1,"3":1,"4":1,"5":3,"6":3,"7":3,"8":3,"9":3,"10":3,"11":3,"12":1,"13":1,"14":1,"15":1,"16":1,"17":1,"18":1,"19":1,"20":1,"21":1,"22":1,"23":1,"24":1,"25":0,"26":0,"27":0,"28":0,"29":0,"30":0,"31":0,"32":0,"33":0,"34":1,"35":1,"36":1,"37":1,"38":3,"39":3,"40":3,"41":3,"42":3,"43":3,"44":3,"45":3,"46":3,"47":3,"48":3,"49":3,"50":3,"51":3,"52":3,"53":3,"54":3,"55":3,"56":3,"57":3,"58":3,"59":3,"60":3,"61":3,"62":3,"63":1,"64":1},"branchMap":{"0":{"type":"branch","line":5,"loc":{"start":{"line":5,"column":19},"end":{"line":63,"column":2}},"locations":[{"start":{"line":5,"column":19},"end":{"line":63,"column":2}}]},"1":{"type":"branch","line":57,"loc":{"start":{"line":57,"column":19},"end":{"line":57,"column":28}},"locations":[{"start":{"line":57,"column":19},"end":{"line":57,"column":28}}]},"2":{"type":"branch","line":57,"loc":{"start":{"line":57,"column":28},"end":{"line":57,"column":72}},"locations":[{"start":{"line":57,"column":28},"end":{"line":57,"column":72}}]},"3":{"type":"branch","line":58,"loc":{"start":{"line":58,"column":18},"end":{"line":58,"column":67}},"locations":[{"start":{"line":58,"column":18},"end":{"line":58,"column":67}}]},"4":{"type":"branch","line":12,"loc":{"start":{"line":12,"column":20},"end":{"line":12,"column":23}},"locations":[{"start":{"line":12,"column":20},"end":{"line":12,"column":23}}]},"5":{"type":"branch","line":12,"loc":{"start":{"line":12,"column":23},"end":{"line":38,"column":24}},"locations":[{"start":{"line":12,"column":23},"end":{"line":38,"column":24}}]},"6":{"type":"branch","line":12,"loc":{"start":{"line":12,"column":31},"end":{"line":38,"column":24}},"locations":[{"start":{"line":12,"column":31},"end":{"line":38,"column":24}}]},"7":{"type":"branch","line":12,"loc":{"start":{"line":12,"column":31},"end":{"line":25,"column":8}},"locations":[{"start":{"line":12,"column":31},"end":{"line":25,"column":8}}]},"8":{"type":"branch","line":25,"loc":{"start":{"line":25,"column":7},"end":{"line":26,"column":41}},"locations":[{"start":{"line":25,"column":7},"end":{"line":26,"column":41}}]},"9":{"type":"branch","line":26,"loc":{"start":{"line":26,"column":40},"end":{"line":28,"column":41}},"locations":[{"start":{"line":26,"column":40},"end":{"line":28,"column":41}}]},"10":{"type":"branch","line":28,"loc":{"start":{"line":28,"column":40},"end":{"line":34,"column":15}},"locations":[{"start":{"line":28,"column":40},"end":{"line":34,"column":15}}]},"11":{"type":"branch","line":35,"loc":{"start":{"line":35,"column":-1},"end":{"line":36,"column":28}},"locations":[{"start":{"line":35,"column":-1},"end":{"line":36,"column":28}}]},"12":{"type":"branch","line":37,"loc":{"start":{"line":37,"column":-1},"end":{"line":38,"column":24}},"locations":[{"start":{"line":37,"column":-1},"end":{"line":38,"column":24}}]},"13":{"type":"branch","line":48,"loc":{"start":{"line":48,"column":22},"end":{"line":48,"column":54}},"locations":[{"start":{"line":48,"column":22},"end":{"line":48,"column":54}}]}},"b":{"0":[3],"1":[1],"2":[1],"3":[0],"4":[3],"5":[1],"6":[3],"7":[1],"8":[0],"9":[0],"10":[0],"11":[1],"12":[1],"13":[1]},"fnMap":{"0":{"name":"DeleteUser","decl":{"start":{"line":5,"column":19},"end":{"line":63,"column":2}},"loc":{"start":{"line":5,"column":19},"end":{"line":63,"column":2}},"line":5},"1":{"name":"_callee","decl":{"start":{"line":12,"column":23},"end":{"line":38,"column":24}},"loc":{"start":{"line":12,"column":23},"end":{"line":38,"column":24}},"line":12},"2":{"name":"_callee$","decl":{"start":{"line":12,"column":31},"end":{"line":38,"column":24}},"loc":{"start":{"line":12,"column":31},"end":{"line":38,"column":24}},"line":12},"3":{"name":"onChange","decl":{"start":{"line":48,"column":22},"end":{"line":48,"column":54}},"loc":{"start":{"line":48,"column":22},"end":{"line":48,"column":54}},"line":48}},"f":{"0":3,"1":1,"2":3,"3":1}}
,"/home/alabgh01/Desktop/client-sp/src/components/adminOptions/EditUser.js": {"path":"/home/alabgh01/Desktop/client-sp/src/components/adminOptions/EditUser.js","all":false,"statementMap":{"0":{"start":{"line":1,"column":0},"end":{"line":1,"column":25}},"1":{"start":{"line":2,"column":0},"end":{"line":2,"column":40}},"2":{"start":{"line":3,"column":0},"end":{"line":3,"column":40}},"3":{"start":{"line":4,"column":0},"end":{"line":4,"column":28}},"4":{"start":{"line":5,"column":0},"end":{"line":5,"column":42}},"5":{"start":{"line":6,"column":0},"end":{"line":6,"column":0}},"6":{"start":{"line":7,"column":0},"end":{"line":7,"column":36}},"7":{"start":{"line":8,"column":0},"end":{"line":8,"column":47}},"8":{"start":{"line":9,"column":0},"end":{"line":9,"column":43}},"9":{"start":{"line":10,"column":0},"end":{"line":10,"column":47}},"10":{"start":{"line":11,"column":0},"end":{"line":11,"column":0}},"11":{"start":{"line":12,"column":0},"end":{"line":12,"column":20}},"12":{"start":{"line":13,"column":0},"end":{"line":13,"column":56}},"13":{"start":{"line":14,"column":0},"end":{"line":14,"column":53}},"14":{"start":{"line":15,"column":0},"end":{"line":15,"column":53}},"15":{"start":{"line":16,"column":0},"end":{"line":16,"column":53}},"16":{"start":{"line":17,"column":0},"end":{"line":17,"column":0}},"17":{"start":{"line":18,"column":0},"end":{"line":18,"column":57}},"18":{"start":{"line":19,"column":0},"end":{"line":19,"column":0}},"19":{"start":{"line":20,"column":0},"end":{"line":20,"column":37}},"20":{"start":{"line":21,"column":0},"end":{"line":21,"column":23}},"21":{"start":{"line":22,"column":0},"end":{"line":22,"column":56}},"22":{"start":{"line":23,"column":0},"end":{"line":23,"column":0}},"23":{"start":{"line":24,"column":0},"end":{"line":24,"column":48}},"24":{"start":{"line":25,"column":0},"end":{"line":25,"column":0}},"25":{"start":{"line":26,"column":0},"end":{"line":26,"column":9}},"26":{"start":{"line":27,"column":0},"end":{"line":27,"column":35}},"27":{"start":{"line":28,"column":0},"end":{"line":28,"column":62}},"28":{"start":{"line":29,"column":0},"end":{"line":29,"column":9}},"29":{"start":{"line":30,"column":0},"end":{"line":30,"column":26}},"30":{"start":{"line":31,"column":0},"end":{"line":31,"column":20}},"31":{"start":{"line":32,"column":0},"end":{"line":32,"column":47}},"32":{"start":{"line":33,"column":0},"end":{"line":33,"column":47}},"33":{"start":{"line":34,"column":0},"end":{"line":34,"column":12}},"34":{"start":{"line":35,"column":0},"end":{"line":35,"column":44}},"35":{"start":{"line":36,"column":0},"end":{"line":36,"column":9}},"36":{"start":{"line":37,"column":0},"end":{"line":37,"column":8}},"37":{"start":{"line":38,"column":0},"end":{"line":38,"column":0}},"38":{"start":{"line":39,"column":0},"end":{"line":39,"column":41}},"39":{"start":{"line":40,"column":0},"end":{"line":40,"column":0}},"40":{"start":{"line":41,"column":0},"end":{"line":41,"column":25}},"41":{"start":{"line":42,"column":0},"end":{"line":42,"column":41}},"42":{"start":{"line":43,"column":0},"end":{"line":43,"column":7}},"43":{"start":{"line":44,"column":0},"end":{"line":44,"column":38}},"44":{"start":{"line":45,"column":0},"end":{"line":45,"column":24}},"45":{"start":{"line":46,"column":0},"end":{"line":46,"column":23}},"46":{"start":{"line":47,"column":0},"end":{"line":47,"column":33}},"47":{"start":{"line":48,"column":0},"end":{"line":48,"column":15}},"48":{"start":{"line":49,"column":0},"end":{"line":49,"column":19}},"49":{"start":{"line":50,"column":0},"end":{"line":50,"column":28}},"50":{"start":{"line":51,"column":0},"end":{"line":51,"column":15}},"51":{"start":{"line":52,"column":0},"end":{"line":52,"column":24}},"52":{"start":{"line":53,"column":0},"end":{"line":53,"column":5}},"53":{"start":{"line":54,"column":0},"end":{"line":54,"column":4}},"54":{"start":{"line":55,"column":0},"end":{"line":55,"column":0}},"55":{"start":{"line":56,"column":0},"end":{"line":56,"column":29}},"56":{"start":{"line":57,"column":0},"end":{"line":57,"column":39}},"57":{"start":{"line":58,"column":0},"end":{"line":58,"column":20}},"58":{"start":{"line":59,"column":0},"end":{"line":59,"column":28}},"59":{"start":{"line":60,"column":0},"end":{"line":60,"column":8}},"60":{"start":{"line":61,"column":0},"end":{"line":61,"column":3}},"61":{"start":{"line":62,"column":0},"end":{"line":62,"column":0}},"62":{"start":{"line":63,"column":0},"end":{"line":63,"column":20}},"63":{"start":{"line":64,"column":0},"end":{"line":64,"column":10}},"64":{"start":{"line":65,"column":0},"end":{"line":65,"column":33}},"65":{"start":{"line":66,"column":0},"end":{"line":66,"column":41}},"66":{"start":{"line":67,"column":0},"end":{"line":67,"column":33}},"67":{"start":{"line":68,"column":0},"end":{"line":68,"column":12}},"68":{"start":{"line":69,"column":0},"end":{"line":69,"column":36}},"69":{"start":{"line":70,"column":0},"end":{"line":70,"column":36}},"70":{"start":{"line":71,"column":0},"end":{"line":71,"column":66}},"71":{"start":{"line":72,"column":0},"end":{"line":72,"column":45}},"72":{"start":{"line":73,"column":0},"end":{"line":73,"column":18}},"73":{"start":{"line":74,"column":0},"end":{"line":74,"column":25}},"74":{"start":{"line":75,"column":0},"end":{"line":75,"column":25}},"75":{"start":{"line":76,"column":0},"end":{"line":76,"column":28}},"76":{"start":{"line":77,"column":0},"end":{"line":77,"column":32}},"77":{"start":{"line":78,"column":0},"end":{"line":78,"column":42}},"78":{"start":{"line":79,"column":0},"end":{"line":79,"column":16}},"79":{"start":{"line":80,"column":0},"end":{"line":80,"column":14}},"80":{"start":{"line":81,"column":0},"end":{"line":81,"column":12}},"81":{"start":{"line":82,"column":0},"end":{"line":82,"column":80}},"82":{"start":{"line":83,"column":0},"end":{"line":83,"column":48}},"83":{"start":{"line":84,"column":0},"end":{"line":84,"column":14}},"84":{"start":{"line":85,"column":0},"end":{"line":85,"column":14}},"85":{"start":{"line":86,"column":0},"end":{"line":86,"column":36}},"86":{"start":{"line":87,"column":0},"end":{"line":87,"column":64}},"87":{"start":{"line":88,"column":0},"end":{"line":88,"column":44}},"88":{"start":{"line":89,"column":0},"end":{"line":89,"column":18}},"89":{"start":{"line":90,"column":0},"end":{"line":90,"column":24}},"90":{"start":{"line":91,"column":0},"end":{"line":91,"column":25}},"91":{"start":{"line":92,"column":0},"end":{"line":92,"column":27}},"92":{"start":{"line":93,"column":0},"end":{"line":93,"column":32}},"93":{"start":{"line":94,"column":0},"end":{"line":94,"column":41}},"94":{"start":{"line":95,"column":0},"end":{"line":95,"column":16}},"95":{"start":{"line":96,"column":0},"end":{"line":96,"column":14}},"96":{"start":{"line":97,"column":0},"end":{"line":97,"column":12}},"97":{"start":{"line":98,"column":0},"end":{"line":98,"column":79}},"98":{"start":{"line":99,"column":0},"end":{"line":99,"column":48}},"99":{"start":{"line":100,"column":0},"end":{"line":100,"column":14}},"100":{"start":{"line":101,"column":0},"end":{"line":101,"column":14}},"101":{"start":{"line":102,"column":0},"end":{"line":102,"column":36}},"102":{"start":{"line":103,"column":0},"end":{"line":103,"column":60}},"103":{"start":{"line":104,"column":0},"end":{"line":104,"column":44}},"104":{"start":{"line":105,"column":0},"end":{"line":105,"column":18}},"105":{"start":{"line":106,"column":0},"end":{"line":106,"column":24}},"106":{"start":{"line":107,"column":0},"end":{"line":107,"column":25}},"107":{"start":{"line":108,"column":0},"end":{"line":108,"column":27}},"108":{"start":{"line":109,"column":0},"end":{"line":109,"column":32}},"109":{"start":{"line":110,"column":0},"end":{"line":110,"column":41}},"110":{"start":{"line":111,"column":0},"end":{"line":111,"column":16}},"111":{"start":{"line":112,"column":0},"end":{"line":112,"column":14}},"112":{"start":{"line":113,"column":0},"end":{"line":113,"column":12}},"113":{"start":{"line":114,"column":0},"end":{"line":114,"column":79}},"114":{"start":{"line":115,"column":0},"end":{"line":115,"column":48}},"115":{"start":{"line":116,"column":0},"end":{"line":116,"column":14}},"116":{"start":{"line":117,"column":0},"end":{"line":117,"column":14}},"117":{"start":{"line":118,"column":0},"end":{"line":118,"column":31}},"118":{"start":{"line":119,"column":0},"end":{"line":119,"column":38}},"119":{"start":{"line":120,"column":0},"end":{"line":120,"column":62}},"120":{"start":{"line":121,"column":0},"end":{"line":121,"column":46}},"121":{"start":{"line":122,"column":0},"end":{"line":122,"column":20}},"122":{"start":{"line":123,"column":0},"end":{"line":123,"column":26}},"123":{"start":{"line":124,"column":0},"end":{"line":124,"column":27}},"124":{"start":{"line":125,"column":0},"end":{"line":125,"column":29}},"125":{"start":{"line":126,"column":0},"end":{"line":126,"column":34}},"126":{"start":{"line":127,"column":0},"end":{"line":127,"column":43}},"127":{"start":{"line":128,"column":0},"end":{"line":128,"column":18}},"128":{"start":{"line":129,"column":0},"end":{"line":129,"column":16}},"129":{"start":{"line":130,"column":0},"end":{"line":130,"column":14}},"130":{"start":{"line":131,"column":0},"end":{"line":131,"column":14}},"131":{"start":{"line":132,"column":0},"end":{"line":132,"column":35}},"132":{"start":{"line":133,"column":0},"end":{"line":133,"column":57}},"133":{"start":{"line":134,"column":0},"end":{"line":134,"column":13}},"134":{"start":{"line":135,"column":0},"end":{"line":135,"column":50}},"135":{"start":{"line":136,"column":0},"end":{"line":136,"column":16}},"136":{"start":{"line":137,"column":0},"end":{"line":137,"column":16}},"137":{"start":{"line":138,"column":0},"end":{"line":138,"column":21}},"138":{"start":{"line":139,"column":0},"end":{"line":139,"column":36}},"139":{"start":{"line":140,"column":0},"end":{"line":140,"column":77}},"140":{"start":{"line":141,"column":0},"end":{"line":141,"column":14}},"141":{"start":{"line":142,"column":0},"end":{"line":142,"column":42}},"142":{"start":{"line":143,"column":0},"end":{"line":143,"column":41}},"143":{"start":{"line":144,"column":0},"end":{"line":144,"column":41}},"144":{"start":{"line":145,"column":0},"end":{"line":145,"column":73}},"145":{"start":{"line":146,"column":0},"end":{"line":146,"column":59}},"146":{"start":{"line":147,"column":0},"end":{"line":147,"column":65}},"147":{"start":{"line":148,"column":0},"end":{"line":148,"column":13}},"148":{"start":{"line":149,"column":0},"end":{"line":149,"column":10}},"149":{"start":{"line":150,"column":0},"end":{"line":150,"column":4}},"150":{"start":{"line":151,"column":0},"end":{"line":151,"column":13}},"151":{"start":{"line":152,"column":0},"end":{"line":152,"column":36}},"152":{"start":{"line":153,"column":0},"end":{"line":153,"column":6}},"153":{"start":{"line":154,"column":0},"end":{"line":154,"column":2}},"154":{"start":{"line":155,"column":0},"end":{"line":155,"column":0}},"155":{"start":{"line":156,"column":0},"end":{"line":156,"column":24}}},"s":{"0":1,"1":1,"2":1,"3":1,"4":1,"5":1,"6":1,"7":7,"8":7,"9":7,"10":7,"11":7,"12":7,"13":7,"14":7,"15":7,"16":7,"17":7,"18":7,"19":7,"20":1,"21":1,"22":1,"23":1,"24":1,"25":1,"26":1,"27":1,"28":1,"29":1,"30":1,"31":1,"32":1,"33":1,"34":1,"35":1,"36":1,"37":0,"38":0,"39":0,"40":0,"41":0,"42":0,"43":0,"44":0,"45":0,"46":0,"47":0,"48":1,"49":1,"50":1,"51":1,"52":7,"53":7,"54":7,"55":7,"56":3,"57":3,"58":3,"59":3,"60":3,"61":7,"62":7,"63":7,"64":7,"65":7,"66":7,"67":7,"68":7,"69":7,"70":7,"71":7,"72":6,"73":6,"74":6,"75":6,"76":6,"77":1,"78":1,"79":6,"80":7,"81":7,"82":7,"83":7,"84":7,"85":7,"86":7,"87":7,"88":4,"89":4,"90":4,"91":4,"92":4,"93":1,"94":1,"95":4,"96":7,"97":7,"98":7,"99":7,"100":7,"101":7,"102":7,"103":7,"104":2,"105":2,"106":2,"107":2,"108":2,"109":1,"110":1,"111":2,"112":7,"113":7,"114":7,"115":7,"116":7,"117":7,"118":7,"119":7,"120":7,"121":7,"122":7,"123":7,"124":7,"125":7,"126":7,"127":7,"128":7,"129":7,"130":7,"131":7,"132":7,"133":7,"134":7,"135":7,"136":7,"137":7,"138":7,"139":7,"140":7,"141":7,"142":7,"143":7,"144":7,"145":7,"146":7,"147":7,"148":7,"149":7,"150":7,"151":7,"152":7,"153":7,"154":1,"155":1},"branchMap":{"0":{"type":"branch","line":7,"loc":{"start":{"line":7,"column":17},"end":{"line":154,"column":2}},"locations":[{"start":{"line":7,"column":17},"end":{"line":154,"column":2}}]},"1":{"type":"branch","line":72,"loc":{"start":{"line":72,"column":40},"end":{"line":80,"column":14}},"locations":[{"start":{"line":72,"column":40},"end":{"line":80,"column":14}}]},"2":{"type":"branch","line":88,"loc":{"start":{"line":88,"column":39},"end":{"line":96,"column":14}},"locations":[{"start":{"line":88,"column":39},"end":{"line":96,"column":14}}]},"3":{"type":"branch","line":104,"loc":{"start":{"line":104,"column":39},"end":{"line":112,"column":14}},"locations":[{"start":{"line":104,"column":39},"end":{"line":112,"column":14}}]},"4":{"type":"branch","line":142,"loc":{"start":{"line":142,"column":39},"end":{"line":143,"column":38}},"locations":[{"start":{"line":142,"column":39},"end":{"line":143,"column":38}}]},"5":{"type":"branch","line":143,"loc":{"start":{"line":143,"column":38},"end":{"line":144,"column":38}},"locations":[{"start":{"line":143,"column":38},"end":{"line":144,"column":38}}]},"6":{"type":"branch","line":144,"loc":{"start":{"line":144,"column":38},"end":{"line":145,"column":38}},"locations":[{"start":{"line":144,"column":38},"end":{"line":145,"column":38}}]},"7":{"type":"branch","line":145,"loc":{"start":{"line":145,"column":38},"end":{"line":145,"column":72}},"locations":[{"start":{"line":145,"column":38},"end":{"line":145,"column":72}}]},"8":{"type":"branch","line":146,"loc":{"start":{"line":146,"column":14},"end":{"line":146,"column":58}},"locations":[{"start":{"line":146,"column":14},"end":{"line":146,"column":58}}]},"9":{"type":"branch","line":147,"loc":{"start":{"line":147,"column":16},"end":{"line":147,"column":65}},"locations":[{"start":{"line":147,"column":16},"end":{"line":147,"column":65}}]},"10":{"type":"branch","line":20,"loc":{"start":{"line":20,"column":20},"end":{"line":20,"column":23}},"locations":[{"start":{"line":20,"column":20},"end":{"line":20,"column":23}}]},"11":{"type":"branch","line":20,"loc":{"start":{"line":20,"column":23},"end":{"line":52,"column":24}},"locations":[{"start":{"line":20,"column":23},"end":{"line":52,"column":24}}]},"12":{"type":"branch","line":20,"loc":{"start":{"line":20,"column":31},"end":{"line":52,"column":24}},"locations":[{"start":{"line":20,"column":31},"end":{"line":52,"column":24}}]},"13":{"type":"branch","line":20,"loc":{"start":{"line":20,"column":31},"end":{"line":37,"column":8}},"locations":[{"start":{"line":20,"column":31},"end":{"line":37,"column":8}}]},"14":{"type":"branch","line":37,"loc":{"start":{"line":37,"column":7},"end":{"line":39,"column":41}},"locations":[{"start":{"line":37,"column":7},"end":{"line":39,"column":41}}]},"15":{"type":"branch","line":39,"loc":{"start":{"line":39,"column":40},"end":{"line":42,"column":41}},"locations":[{"start":{"line":39,"column":40},"end":{"line":42,"column":41}}]},"16":{"type":"branch","line":42,"loc":{"start":{"line":42,"column":40},"end":{"line":48,"column":15}},"locations":[{"start":{"line":42,"column":40},"end":{"line":48,"column":15}}]},"17":{"type":"branch","line":49,"loc":{"start":{"line":49,"column":-1},"end":{"line":50,"column":28}},"locations":[{"start":{"line":49,"column":-1},"end":{"line":50,"column":28}}]},"18":{"type":"branch","line":51,"loc":{"start":{"line":51,"column":-1},"end":{"line":52,"column":24}},"locations":[{"start":{"line":51,"column":-1},"end":{"line":52,"column":24}}]},"19":{"type":"branch","line":56,"loc":{"start":{"line":56,"column":2},"end":{"line":61,"column":3}},"locations":[{"start":{"line":56,"column":2},"end":{"line":61,"column":3}}]},"20":{"type":"branch","line":57,"loc":{"start":{"line":57,"column":21},"end":{"line":59,"column":28}},"locations":[{"start":{"line":57,"column":21},"end":{"line":59,"column":28}}]},"21":{"type":"branch","line":77,"loc":{"start":{"line":77,"column":24},"end":{"line":79,"column":16}},"locations":[{"start":{"line":77,"column":24},"end":{"line":79,"column":16}}]},"22":{"type":"branch","line":82,"loc":{"start":{"line":82,"column":44},"end":{"line":82,"column":79}},"locations":[{"start":{"line":82,"column":44},"end":{"line":82,"column":79}}]},"23":{"type":"branch","line":93,"loc":{"start":{"line":93,"column":24},"end":{"line":95,"column":16}},"locations":[{"start":{"line":93,"column":24},"end":{"line":95,"column":16}}]},"24":{"type":"branch","line":98,"loc":{"start":{"line":98,"column":44},"end":{"line":98,"column":78}},"locations":[{"start":{"line":98,"column":44},"end":{"line":98,"column":78}}]},"25":{"type":"branch","line":109,"loc":{"start":{"line":109,"column":24},"end":{"line":111,"column":16}},"locations":[{"start":{"line":109,"column":24},"end":{"line":111,"column":16}}]},"26":{"type":"branch","line":114,"loc":{"start":{"line":114,"column":44},"end":{"line":114,"column":78}},"locations":[{"start":{"line":114,"column":44},"end":{"line":114,"column":78}}]}},"b":{"0":[7],"1":[6],"2":[4],"3":[2],"4":[1],"5":[1],"6":[1],"7":[6],"8":[0],"9":[0],"10":[7],"11":[1],"12":[3],"13":[1],"14":[0],"15":[0],"16":[0],"17":[1],"18":[1],"19":[3],"20":[3],"21":[1],"22":[1],"23":[1],"24":[1],"25":[1],"26":[1]},"fnMap":{"0":{"name":"EditUser","decl":{"start":{"line":7,"column":17},"end":{"line":154,"column":2}},"loc":{"start":{"line":7,"column":17},"end":{"line":154,"column":2}},"line":7},"1":{"name":"_callee","decl":{"start":{"line":20,"column":23},"end":{"line":52,"column":24}},"loc":{"start":{"line":20,"column":23},"end":{"line":52,"column":24}},"line":20},"2":{"name":"_callee$","decl":{"start":{"line":20,"column":31},"end":{"line":52,"column":24}},"loc":{"start":{"line":20,"column":31},"end":{"line":52,"column":24}},"line":20},"3":{"name":"handleToggle","decl":{"start":{"line":56,"column":2},"end":{"line":61,"column":3}},"loc":{"start":{"line":56,"column":2},"end":{"line":61,"column":3}},"line":56},"4":{"name":"onChange","decl":{"start":{"line":77,"column":24},"end":{"line":79,"column":16}},"loc":{"start":{"line":77,"column":24},"end":{"line":79,"column":16}},"line":77},"5":{"name":"onClick","decl":{"start":{"line":82,"column":44},"end":{"line":82,"column":79}},"loc":{"start":{"line":82,"column":44},"end":{"line":82,"column":79}},"line":82},"6":{"name":"onChange","decl":{"start":{"line":93,"column":24},"end":{"line":95,"column":16}},"loc":{"start":{"line":93,"column":24},"end":{"line":95,"column":16}},"line":93},"7":{"name":"onClick","decl":{"start":{"line":98,"column":44},"end":{"line":98,"column":78}},"loc":{"start":{"line":98,"column":44},"end":{"line":98,"column":78}},"line":98},"8":{"name":"onChange","decl":{"start":{"line":109,"column":24},"end":{"line":111,"column":16}},"loc":{"start":{"line":109,"column":24},"end":{"line":111,"column":16}},"line":109},"9":{"name":"onClick","decl":{"start":{"line":114,"column":44},"end":{"line":114,"column":78}},"loc":{"start":{"line":114,"column":44},"end":{"line":114,"column":78}},"line":114}},"f":{"0":7,"1":1,"2":3,"3":3,"4":1,"5":1,"6":1,"7":1,"8":1,"9":1}}
,"/home/alabgh01/Desktop/client-sp/src/components/adminOptions/FindUser.js": {"path":"/home/alabgh01/Desktop/client-sp/src/components/adminOptions/FindUser.js","all":false,"statementMap":{"0":{"start":{"line":1,"column":0},"end":{"line":1,"column":25}},"1":{"start":{"line":2,"column":0},"end":{"line":2,"column":40}},"2":{"start":{"line":3,"column":0},"end":{"line":3,"column":34}},"3":{"start":{"line":4,"column":0},"end":{"line":4,"column":42}},"4":{"start":{"line":5,"column":0},"end":{"line":5,"column":0}},"5":{"start":{"line":6,"column":0},"end":{"line":6,"column":24}},"6":{"start":{"line":7,"column":0},"end":{"line":7,"column":47}},"7":{"start":{"line":8,"column":0},"end":{"line":8,"column":43}},"8":{"start":{"line":9,"column":0},"end":{"line":9,"column":0}},"9":{"start":{"line":10,"column":0},"end":{"line":10,"column":49}},"10":{"start":{"line":11,"column":0},"end":{"line":11,"column":0}},"11":{"start":{"line":12,"column":0},"end":{"line":12,"column":47}},"12":{"start":{"line":13,"column":0},"end":{"line":13,"column":39}},"13":{"start":{"line":14,"column":0},"end":{"line":14,"column":23}},"14":{"start":{"line":15,"column":0},"end":{"line":15,"column":48}},"15":{"start":{"line":16,"column":0},"end":{"line":16,"column":9}},"16":{"start":{"line":17,"column":0},"end":{"line":17,"column":35}},"17":{"start":{"line":18,"column":0},"end":{"line":18,"column":57}},"18":{"start":{"line":19,"column":0},"end":{"line":19,"column":9}},"19":{"start":{"line":20,"column":0},"end":{"line":20,"column":24}},"20":{"start":{"line":21,"column":0},"end":{"line":21,"column":20}},"21":{"start":{"line":22,"column":0},"end":{"line":22,"column":47}},"22":{"start":{"line":23,"column":0},"end":{"line":23,"column":47}},"23":{"start":{"line":24,"column":0},"end":{"line":24,"column":12}},"24":{"start":{"line":25,"column":0},"end":{"line":25,"column":9}},"25":{"start":{"line":26,"column":0},"end":{"line":26,"column":8}},"26":{"start":{"line":27,"column":0},"end":{"line":27,"column":41}},"27":{"start":{"line":28,"column":0},"end":{"line":28,"column":25}},"28":{"start":{"line":29,"column":0},"end":{"line":29,"column":41}},"29":{"start":{"line":30,"column":0},"end":{"line":30,"column":7}},"30":{"start":{"line":31,"column":0},"end":{"line":31,"column":26}},"31":{"start":{"line":32,"column":0},"end":{"line":32,"column":21}},"32":{"start":{"line":33,"column":0},"end":{"line":33,"column":19}},"33":{"start":{"line":34,"column":0},"end":{"line":34,"column":28}},"34":{"start":{"line":35,"column":0},"end":{"line":35,"column":15}},"35":{"start":{"line":36,"column":0},"end":{"line":36,"column":24}},"36":{"start":{"line":37,"column":0},"end":{"line":37,"column":5}},"37":{"start":{"line":38,"column":0},"end":{"line":38,"column":4}},"38":{"start":{"line":39,"column":0},"end":{"line":39,"column":10}},"39":{"start":{"line":40,"column":0},"end":{"line":40,"column":40}},"40":{"start":{"line":41,"column":0},"end":{"line":41,"column":42}},"41":{"start":{"line":42,"column":0},"end":{"line":42,"column":38}},"42":{"start":{"line":43,"column":0},"end":{"line":43,"column":38}},"43":{"start":{"line":44,"column":0},"end":{"line":44,"column":16}},"44":{"start":{"line":45,"column":0},"end":{"line":45,"column":29}},"45":{"start":{"line":46,"column":0},"end":{"line":46,"column":58}},"46":{"start":{"line":47,"column":0},"end":{"line":47,"column":28}},"47":{"start":{"line":48,"column":0},"end":{"line":48,"column":28}},"48":{"start":{"line":49,"column":0},"end":{"line":49,"column":26}},"49":{"start":{"line":50,"column":0},"end":{"line":50,"column":47}},"50":{"start":{"line":51,"column":0},"end":{"line":51,"column":20}},"51":{"start":{"line":52,"column":0},"end":{"line":52,"column":12}},"52":{"start":{"line":53,"column":0},"end":{"line":53,"column":59}},"53":{"start":{"line":54,"column":0},"end":{"line":54,"column":0}},"54":{"start":{"line":55,"column":0},"end":{"line":55,"column":73}},"55":{"start":{"line":56,"column":0},"end":{"line":56,"column":14}},"56":{"start":{"line":57,"column":0},"end":{"line":57,"column":13}},"57":{"start":{"line":58,"column":0},"end":{"line":58,"column":52}},"58":{"start":{"line":59,"column":0},"end":{"line":59,"column":10}},"59":{"start":{"line":60,"column":0},"end":{"line":60,"column":4}},"60":{"start":{"line":61,"column":0},"end":{"line":61,"column":2}},"61":{"start":{"line":62,"column":0},"end":{"line":62,"column":0}},"62":{"start":{"line":63,"column":0},"end":{"line":63,"column":24}}},"s":{"0":1,"1":1,"2":1,"3":1,"4":1,"5":1,"6":3,"7":3,"8":3,"9":3,"10":3,"11":3,"12":3,"13":1,"14":1,"15":1,"16":1,"17":1,"18":1,"19":1,"20":1,"21":1,"22":1,"23":1,"24":1,"25":1,"26":0,"27":0,"28":0,"29":0,"30":0,"31":0,"32":1,"33":1,"34":1,"35":1,"36":3,"37":3,"38":3,"39":3,"40":3,"41":3,"42":3,"43":3,"44":3,"45":3,"46":3,"47":3,"48":3,"49":3,"50":3,"51":3,"52":3,"53":3,"54":3,"55":3,"56":3,"57":3,"58":3,"59":3,"60":3,"61":1,"62":1},"branchMap":{"0":{"type":"branch","line":6,"loc":{"start":{"line":6,"column":17},"end":{"line":61,"column":2}},"locations":[{"start":{"line":6,"column":17},"end":{"line":61,"column":2}}]},"1":{"type":"branch","line":55,"loc":{"start":{"line":55,"column":19},"end":{"line":55,"column":28}},"locations":[{"start":{"line":55,"column":19},"end":{"line":55,"column":28}}]},"2":{"type":"branch","line":55,"loc":{"start":{"line":55,"column":28},"end":{"line":55,"column":73}},"locations":[{"start":{"line":55,"column":28},"end":{"line":55,"column":73}}]},"3":{"type":"branch","line":58,"loc":{"start":{"line":58,"column":15},"end":{"line":58,"column":52}},"locations":[{"start":{"line":58,"column":15},"end":{"line":58,"column":52}}]},"4":{"type":"branch","line":13,"loc":{"start":{"line":13,"column":22},"end":{"line":13,"column":25}},"locations":[{"start":{"line":13,"column":22},"end":{"line":13,"column":25}}]},"5":{"type":"branch","line":13,"loc":{"start":{"line":13,"column":25},"end":{"line":36,"column":24}},"locations":[{"start":{"line":13,"column":25},"end":{"line":36,"column":24}}]},"6":{"type":"branch","line":13,"loc":{"start":{"line":13,"column":33},"end":{"line":36,"column":24}},"locations":[{"start":{"line":13,"column":33},"end":{"line":36,"column":24}}]},"7":{"type":"branch","line":13,"loc":{"start":{"line":13,"column":33},"end":{"line":26,"column":8}},"locations":[{"start":{"line":13,"column":33},"end":{"line":26,"column":8}}]},"8":{"type":"branch","line":26,"loc":{"start":{"line":26,"column":7},"end":{"line":27,"column":41}},"locations":[{"start":{"line":26,"column":7},"end":{"line":27,"column":41}}]},"9":{"type":"branch","line":27,"loc":{"start":{"line":27,"column":40},"end":{"line":29,"column":41}},"locations":[{"start":{"line":27,"column":40},"end":{"line":29,"column":41}}]},"10":{"type":"branch","line":29,"loc":{"start":{"line":29,"column":40},"end":{"line":32,"column":21}},"locations":[{"start":{"line":29,"column":40},"end":{"line":32,"column":21}}]},"11":{"type":"branch","line":33,"loc":{"start":{"line":33,"column":-1},"end":{"line":34,"column":28}},"locations":[{"start":{"line":33,"column":-1},"end":{"line":34,"column":28}}]},"12":{"type":"branch","line":35,"loc":{"start":{"line":35,"column":-1},"end":{"line":36,"column":24}},"locations":[{"start":{"line":35,"column":-1},"end":{"line":36,"column":24}}]},"13":{"type":"branch","line":46,"loc":{"start":{"line":46,"column":22},"end":{"line":46,"column":58}},"locations":[{"start":{"line":46,"column":22},"end":{"line":46,"column":58}}]}},"b":{"0":[3],"1":[1],"2":[1],"3":[0],"4":[3],"5":[1],"6":[3],"7":[1],"8":[0],"9":[0],"10":[0],"11":[1],"12":[1],"13":[1]},"fnMap":{"0":{"name":"FindUser","decl":{"start":{"line":6,"column":17},"end":{"line":61,"column":2}},"loc":{"start":{"line":6,"column":17},"end":{"line":61,"column":2}},"line":6},"1":{"name":"_callee","decl":{"start":{"line":13,"column":25},"end":{"line":36,"column":24}},"loc":{"start":{"line":13,"column":25},"end":{"line":36,"column":24}},"line":13},"2":{"name":"_callee$","decl":{"start":{"line":13,"column":33},"end":{"line":36,"column":24}},"loc":{"start":{"line":13,"column":33},"end":{"line":36,"column":24}},"line":13},"3":{"name":"onChange","decl":{"start":{"line":46,"column":22},"end":{"line":46,"column":58}},"loc":{"start":{"line":46,"column":22},"end":{"line":46,"column":58}},"line":46}},"f":{"0":3,"1":1,"2":3,"3":1}}
,"/home/alabgh01/Desktop/client-sp/src/components/adminOptions/RemoveAdmin.js": {"path":"/home/alabgh01/Desktop/client-sp/src/components/adminOptions/RemoveAdmin.js","all":false,"statementMap":{"0":{"start":{"line":1,"column":0},"end":{"line":1,"column":25}},"1":{"start":{"line":2,"column":0},"end":{"line":2,"column":40}},"2":{"start":{"line":3,"column":0},"end":{"line":3,"column":42}},"3":{"start":{"line":4,"column":0},"end":{"line":4,"column":0}},"4":{"start":{"line":5,"column":0},"end":{"line":5,"column":27}},"5":{"start":{"line":6,"column":0},"end":{"line":6,"column":47}},"6":{"start":{"line":7,"column":0},"end":{"line":7,"column":43}},"7":{"start":{"line":8,"column":0},"end":{"line":8,"column":47}},"8":{"start":{"line":9,"column":0},"end":{"line":9,"column":0}},"9":{"start":{"line":10,"column":0},"end":{"line":10,"column":41}},"10":{"start":{"line":11,"column":0},"end":{"line":11,"column":0}},"11":{"start":{"line":12,"column":0},"end":{"line":12,"column":42}},"12":{"start":{"line":13,"column":0},"end":{"line":13,"column":23}},"13":{"start":{"line":14,"column":0},"end":{"line":14,"column":48}},"14":{"start":{"line":15,"column":0},"end":{"line":15,"column":9}},"15":{"start":{"line":16,"column":0},"end":{"line":16,"column":35}},"16":{"start":{"line":17,"column":0},"end":{"line":17,"column":56}},"17":{"start":{"line":18,"column":0},"end":{"line":18,"column":9}},"18":{"start":{"line":19,"column":0},"end":{"line":19,"column":26}},"19":{"start":{"line":20,"column":0},"end":{"line":20,"column":20}},"20":{"start":{"line":21,"column":0},"end":{"line":21,"column":47}},"21":{"start":{"line":22,"column":0},"end":{"line":22,"column":47}},"22":{"start":{"line":23,"column":0},"end":{"line":23,"column":12}},"23":{"start":{"line":24,"column":0},"end":{"line":24,"column":9}},"24":{"start":{"line":25,"column":0},"end":{"line":25,"column":8}},"25":{"start":{"line":26,"column":0},"end":{"line":26,"column":41}},"26":{"start":{"line":27,"column":0},"end":{"line":27,"column":25}},"27":{"start":{"line":28,"column":0},"end":{"line":28,"column":41}},"28":{"start":{"line":29,"column":0},"end":{"line":29,"column":7}},"29":{"start":{"line":30,"column":0},"end":{"line":30,"column":58}},"30":{"start":{"line":31,"column":0},"end":{"line":31,"column":21}},"31":{"start":{"line":32,"column":0},"end":{"line":32,"column":24}},"32":{"start":{"line":33,"column":0},"end":{"line":33,"column":33}},"33":{"start":{"line":34,"column":0},"end":{"line":34,"column":15}},"34":{"start":{"line":35,"column":0},"end":{"line":35,"column":19}},"35":{"start":{"line":36,"column":0},"end":{"line":36,"column":28}},"36":{"start":{"line":37,"column":0},"end":{"line":37,"column":15}},"37":{"start":{"line":38,"column":0},"end":{"line":38,"column":24}},"38":{"start":{"line":39,"column":0},"end":{"line":39,"column":5}},"39":{"start":{"line":40,"column":0},"end":{"line":40,"column":4}},"40":{"start":{"line":41,"column":0},"end":{"line":41,"column":10}},"41":{"start":{"line":42,"column":0},"end":{"line":42,"column":43}},"42":{"start":{"line":43,"column":0},"end":{"line":43,"column":37}},"43":{"start":{"line":44,"column":0},"end":{"line":44,"column":41}},"44":{"start":{"line":45,"column":0},"end":{"line":45,"column":38}},"45":{"start":{"line":46,"column":0},"end":{"line":46,"column":16}},"46":{"start":{"line":47,"column":0},"end":{"line":47,"column":25}},"47":{"start":{"line":48,"column":0},"end":{"line":48,"column":54}},"48":{"start":{"line":49,"column":0},"end":{"line":49,"column":24}},"49":{"start":{"line":50,"column":0},"end":{"line":50,"column":24}},"50":{"start":{"line":51,"column":0},"end":{"line":51,"column":22}},"51":{"start":{"line":52,"column":0},"end":{"line":52,"column":47}},"52":{"start":{"line":53,"column":0},"end":{"line":53,"column":20}},"53":{"start":{"line":54,"column":0},"end":{"line":54,"column":12}},"54":{"start":{"line":55,"column":0},"end":{"line":55,"column":62}},"55":{"start":{"line":56,"column":0},"end":{"line":56,"column":0}},"56":{"start":{"line":57,"column":0},"end":{"line":57,"column":73}},"57":{"start":{"line":58,"column":0},"end":{"line":58,"column":67}},"58":{"start":{"line":59,"column":0},"end":{"line":59,"column":14}},"59":{"start":{"line":60,"column":0},"end":{"line":60,"column":13}},"60":{"start":{"line":61,"column":0},"end":{"line":61,"column":10}},"61":{"start":{"line":62,"column":0},"end":{"line":62,"column":4}},"62":{"start":{"line":63,"column":0},"end":{"line":63,"column":2}},"63":{"start":{"line":64,"column":0},"end":{"line":64,"column":0}},"64":{"start":{"line":65,"column":0},"end":{"line":65,"column":27}}},"s":{"0":1,"1":1,"2":1,"3":1,"4":1,"5":3,"6":3,"7":3,"8":3,"9":3,"10":3,"11":3,"12":1,"13":1,"14":1,"15":1,"16":1,"17":1,"18":1,"19":1,"20":1,"21":1,"22":1,"23":1,"24":1,"25":0,"26":0,"27":0,"28":0,"29":0,"30":0,"31":0,"32":0,"33":0,"34":1,"35":1,"36":1,"37":1,"38":3,"39":3,"40":3,"41":3,"42":3,"43":3,"44":3,"45":3,"46":3,"47":3,"48":3,"49":3,"50":3,"51":3,"52":3,"53":3,"54":3,"55":3,"56":3,"57":3,"58":3,"59":3,"60":3,"61":3,"62":3,"63":1,"64":1},"branchMap":{"0":{"type":"branch","line":5,"loc":{"start":{"line":5,"column":20},"end":{"line":63,"column":2}},"locations":[{"start":{"line":5,"column":20},"end":{"line":63,"column":2}}]},"1":{"type":"branch","line":57,"loc":{"start":{"line":57,"column":19},"end":{"line":57,"column":28}},"locations":[{"start":{"line":57,"column":19},"end":{"line":57,"column":28}}]},"2":{"type":"branch","line":57,"loc":{"start":{"line":57,"column":28},"end":{"line":57,"column":72}},"locations":[{"start":{"line":57,"column":28},"end":{"line":57,"column":72}}]},"3":{"type":"branch","line":58,"loc":{"start":{"line":58,"column":18},"end":{"line":58,"column":67}},"locations":[{"start":{"line":58,"column":18},"end":{"line":58,"column":67}}]},"4":{"type":"branch","line":12,"loc":{"start":{"line":12,"column":25},"end":{"line":12,"column":28}},"locations":[{"start":{"line":12,"column":25},"end":{"line":12,"column":28}}]},"5":{"type":"branch","line":12,"loc":{"start":{"line":12,"column":28},"end":{"line":38,"column":24}},"locations":[{"start":{"line":12,"column":28},"end":{"line":38,"column":24}}]},"6":{"type":"branch","line":12,"loc":{"start":{"line":12,"column":36},"end":{"line":38,"column":24}},"locations":[{"start":{"line":12,"column":36},"end":{"line":38,"column":24}}]},"7":{"type":"branch","line":12,"loc":{"start":{"line":12,"column":36},"end":{"line":25,"column":8}},"locations":[{"start":{"line":12,"column":36},"end":{"line":25,"column":8}}]},"8":{"type":"branch","line":25,"loc":{"start":{"line":25,"column":7},"end":{"line":26,"column":41}},"locations":[{"start":{"line":25,"column":7},"end":{"line":26,"column":41}}]},"9":{"type":"branch","line":26,"loc":{"start":{"line":26,"column":40},"end":{"line":28,"column":41}},"locations":[{"start":{"line":26,"column":40},"end":{"line":28,"column":41}}]},"10":{"type":"branch","line":28,"loc":{"start":{"line":28,"column":40},"end":{"line":34,"column":15}},"locations":[{"start":{"line":28,"column":40},"end":{"line":34,"column":15}}]},"11":{"type":"branch","line":35,"loc":{"start":{"line":35,"column":-1},"end":{"line":36,"column":28}},"locations":[{"start":{"line":35,"column":-1},"end":{"line":36,"column":28}}]},"12":{"type":"branch","line":37,"loc":{"start":{"line":37,"column":-1},"end":{"line":38,"column":24}},"locations":[{"start":{"line":37,"column":-1},"end":{"line":38,"column":24}}]},"13":{"type":"branch","line":48,"loc":{"start":{"line":48,"column":22},"end":{"line":48,"column":54}},"locations":[{"start":{"line":48,"column":22},"end":{"line":48,"column":54}}]}},"b":{"0":[3],"1":[1],"2":[1],"3":[0],"4":[3],"5":[1],"6":[3],"7":[1],"8":[0],"9":[0],"10":[0],"11":[1],"12":[1],"13":[1]},"fnMap":{"0":{"name":"RemoveAdmin","decl":{"start":{"line":5,"column":20},"end":{"line":63,"column":2}},"loc":{"start":{"line":5,"column":20},"end":{"line":63,"column":2}},"line":5},"1":{"name":"_callee","decl":{"start":{"line":12,"column":28},"end":{"line":38,"column":24}},"loc":{"start":{"line":12,"column":28},"end":{"line":38,"column":24}},"line":12},"2":{"name":"_callee$","decl":{"start":{"line":12,"column":36},"end":{"line":38,"column":24}},"loc":{"start":{"line":12,"column":36},"end":{"line":38,"column":24}},"line":12},"3":{"name":"onChange","decl":{"start":{"line":48,"column":22},"end":{"line":48,"column":54}},"loc":{"start":{"line":48,"column":22},"end":{"line":48,"column":54}},"line":48}},"f":{"0":3,"1":1,"2":3,"3":1}}
,"/home/alabgh01/Desktop/client-sp/src/components/adminOptions/ResetUserPass.js": {"path":"/home/alabgh01/Desktop/client-sp/src/components/adminOptions/ResetUserPass.js","all":false,"statementMap":{"0":{"start":{"line":1,"column":0},"end":{"line":1,"column":25}},"1":{"start":{"line":2,"column":0},"end":{"line":2,"column":40}},"2":{"start":{"line":3,"column":0},"end":{"line":3,"column":57}},"3":{"start":{"line":4,"column":0},"end":{"line":4,"column":42}},"4":{"start":{"line":5,"column":0},"end":{"line":5,"column":0}},"5":{"start":{"line":6,"column":0},"end":{"line":6,"column":29}},"6":{"start":{"line":7,"column":0},"end":{"line":7,"column":47}},"7":{"start":{"line":8,"column":0},"end":{"line":8,"column":43}},"8":{"start":{"line":9,"column":0},"end":{"line":9,"column":47}},"9":{"start":{"line":10,"column":0},"end":{"line":10,"column":0}},"10":{"start":{"line":11,"column":0},"end":{"line":11,"column":41}},"11":{"start":{"line":12,"column":0},"end":{"line":12,"column":49}},"12":{"start":{"line":13,"column":0},"end":{"line":13,"column":0}},"13":{"start":{"line":14,"column":0},"end":{"line":14,"column":47}},"14":{"start":{"line":15,"column":0},"end":{"line":15,"column":57}},"15":{"start":{"line":16,"column":0},"end":{"line":16,"column":56}},"16":{"start":{"line":17,"column":0},"end":{"line":17,"column":0}},"17":{"start":{"line":18,"column":0},"end":{"line":18,"column":31}},"18":{"start":{"line":19,"column":0},"end":{"line":19,"column":25}},"19":{"start":{"line":20,"column":0},"end":{"line":20,"column":4}},"20":{"start":{"line":21,"column":0},"end":{"line":21,"column":0}},"21":{"start":{"line":22,"column":0},"end":{"line":22,"column":36}},"22":{"start":{"line":23,"column":0},"end":{"line":23,"column":23}},"23":{"start":{"line":24,"column":0},"end":{"line":24,"column":22}},"24":{"start":{"line":25,"column":0},"end":{"line":25,"column":54}},"25":{"start":{"line":26,"column":0},"end":{"line":26,"column":50}},"26":{"start":{"line":27,"column":0},"end":{"line":27,"column":11}},"27":{"start":{"line":28,"column":0},"end":{"line":28,"column":37}},"28":{"start":{"line":29,"column":0},"end":{"line":29,"column":55}},"29":{"start":{"line":30,"column":0},"end":{"line":30,"column":11}},"30":{"start":{"line":31,"column":0},"end":{"line":31,"column":28}},"31":{"start":{"line":32,"column":0},"end":{"line":32,"column":22}},"32":{"start":{"line":33,"column":0},"end":{"line":33,"column":49}},"33":{"start":{"line":34,"column":0},"end":{"line":34,"column":49}},"34":{"start":{"line":35,"column":0},"end":{"line":35,"column":14}},"35":{"start":{"line":36,"column":0},"end":{"line":36,"column":43}},"36":{"start":{"line":37,"column":0},"end":{"line":37,"column":11}},"37":{"start":{"line":38,"column":0},"end":{"line":38,"column":10}},"38":{"start":{"line":39,"column":0},"end":{"line":39,"column":43}},"39":{"start":{"line":40,"column":0},"end":{"line":40,"column":27}},"40":{"start":{"line":41,"column":0},"end":{"line":41,"column":43}},"41":{"start":{"line":42,"column":0},"end":{"line":42,"column":9}},"42":{"start":{"line":43,"column":0},"end":{"line":43,"column":46}},"43":{"start":{"line":44,"column":0},"end":{"line":44,"column":26}},"44":{"start":{"line":45,"column":0},"end":{"line":45,"column":25}},"45":{"start":{"line":46,"column":0},"end":{"line":46,"column":35}},"46":{"start":{"line":47,"column":0},"end":{"line":47,"column":17}},"47":{"start":{"line":48,"column":0},"end":{"line":48,"column":21}},"48":{"start":{"line":49,"column":0},"end":{"line":49,"column":30}},"49":{"start":{"line":50,"column":0},"end":{"line":50,"column":17}},"50":{"start":{"line":51,"column":0},"end":{"line":51,"column":26}},"51":{"start":{"line":52,"column":0},"end":{"line":52,"column":7}},"52":{"start":{"line":53,"column":0},"end":{"line":53,"column":12}},"53":{"start":{"line":54,"column":0},"end":{"line":54,"column":58}},"54":{"start":{"line":55,"column":0},"end":{"line":55,"column":5}},"55":{"start":{"line":56,"column":0},"end":{"line":56,"column":4}},"56":{"start":{"line":57,"column":0},"end":{"line":57,"column":0}},"57":{"start":{"line":58,"column":0},"end":{"line":58,"column":10}},"58":{"start":{"line":59,"column":0},"end":{"line":59,"column":45}},"59":{"start":{"line":60,"column":0},"end":{"line":60,"column":34}},"60":{"start":{"line":61,"column":0},"end":{"line":61,"column":35}},"61":{"start":{"line":62,"column":0},"end":{"line":62,"column":38}},"62":{"start":{"line":63,"column":0},"end":{"line":63,"column":16}},"63":{"start":{"line":64,"column":0},"end":{"line":64,"column":25}},"64":{"start":{"line":65,"column":0},"end":{"line":65,"column":54}},"65":{"start":{"line":66,"column":0},"end":{"line":66,"column":24}},"66":{"start":{"line":67,"column":0},"end":{"line":67,"column":22}},"67":{"start":{"line":68,"column":0},"end":{"line":68,"column":47}},"68":{"start":{"line":69,"column":0},"end":{"line":69,"column":20}},"69":{"start":{"line":70,"column":0},"end":{"line":70,"column":12}},"70":{"start":{"line":71,"column":0},"end":{"line":71,"column":56}},"71":{"start":{"line":72,"column":0},"end":{"line":72,"column":16}},"72":{"start":{"line":73,"column":0},"end":{"line":73,"column":29}},"73":{"start":{"line":74,"column":0},"end":{"line":74,"column":58}},"74":{"start":{"line":75,"column":0},"end":{"line":75,"column":23}},"75":{"start":{"line":76,"column":0},"end":{"line":76,"column":26}},"76":{"start":{"line":77,"column":0},"end":{"line":77,"column":36}},"77":{"start":{"line":78,"column":0},"end":{"line":78,"column":20}},"78":{"start":{"line":79,"column":0},"end":{"line":79,"column":12}},"79":{"start":{"line":80,"column":0},"end":{"line":80,"column":16}},"80":{"start":{"line":81,"column":0},"end":{"line":81,"column":28}},"81":{"start":{"line":82,"column":0},"end":{"line":82,"column":57}},"82":{"start":{"line":83,"column":0},"end":{"line":83,"column":27}},"83":{"start":{"line":84,"column":0},"end":{"line":84,"column":25}},"84":{"start":{"line":85,"column":0},"end":{"line":85,"column":34}},"85":{"start":{"line":86,"column":0},"end":{"line":86,"column":20}},"86":{"start":{"line":87,"column":0},"end":{"line":87,"column":12}},"87":{"start":{"line":88,"column":0},"end":{"line":88,"column":16}},"88":{"start":{"line":89,"column":0},"end":{"line":89,"column":33}},"89":{"start":{"line":90,"column":0},"end":{"line":90,"column":62}},"90":{"start":{"line":91,"column":0},"end":{"line":91,"column":27}},"91":{"start":{"line":92,"column":0},"end":{"line":92,"column":30}},"92":{"start":{"line":93,"column":0},"end":{"line":93,"column":42}},"93":{"start":{"line":94,"column":0},"end":{"line":94,"column":20}},"94":{"start":{"line":95,"column":0},"end":{"line":95,"column":12}},"95":{"start":{"line":96,"column":0},"end":{"line":96,"column":30}},"96":{"start":{"line":97,"column":0},"end":{"line":97,"column":30}},"97":{"start":{"line":98,"column":0},"end":{"line":98,"column":22}},"98":{"start":{"line":99,"column":0},"end":{"line":99,"column":28}},"99":{"start":{"line":100,"column":0},"end":{"line":100,"column":30}},"100":{"start":{"line":101,"column":0},"end":{"line":101,"column":25}},"101":{"start":{"line":102,"column":0},"end":{"line":102,"column":26}},"102":{"start":{"line":103,"column":0},"end":{"line":103,"column":24}},"103":{"start":{"line":104,"column":0},"end":{"line":104,"column":28}},"104":{"start":{"line":105,"column":0},"end":{"line":105,"column":16}},"105":{"start":{"line":106,"column":0},"end":{"line":106,"column":27}},"106":{"start":{"line":107,"
[...]
},"123":{"start":{"line":124,"column":0},"end":{"line":124,"column":77}},"124":{"start":{"line":125,"column":0},"end":{"line":125,"column":24}},"125":{"start":{"line":126,"column":0},"end":{"line":126,"column":25}},"126":{"start":{"line":127,"column":0},"end":{"line":127,"column":20}},"127":{"start":{"line":128,"column":0},"end":{"line":128,"column":18}},"128":{"start":{"line":129,"column":0},"end":{"line":129,"column":0}},"129":{"start":{"line":130,"column":0},"end":{"line":130,"column":43}},"130":{"start":{"line":131,"column":0},"end":{"line":131,"column":48}},"131":{"start":{"line":132,"column":0},"end":{"line":132,"column":54}},"132":{"start":{"line":133,"column":0},"end":{"line":133,"column":18}},"133":{"start":{"line":134,"column":0},"end":{"line":134,"column":16}},"134":{"start":{"line":135,"column":0},"end":{"line":135,"column":14}},"135":{"start":{"line":136,"column":0},"end":{"line":136,"column":18}},"136":{"start":{"line":137,"column":0},"end":{"line":137,"column":12}},"137":{"start":{"line":138,"column":0},"end":{"line":138,"column":6}},"138":{"start":{"line":139,"column":0},"end":{"line":139,"column":10}},"139":{"start":{"line":140,"column":0},"end":{"line":140,"column":12}},"140":{"start":{"line":141,"column":0},"end":{"line":141,"column":26}},"141":{"start":{"line":142,"column":0},"end":{"line":142,"column":18}},"142":{"start":{"line":143,"column":0},"end":{"line":143,"column":43}},"143":{"start":{"line":144,"column":0},"end":{"line":144,"column":31}},"144":{"start":{"line":145,"column":0},"end":{"line":145,"column":14}},"145":{"start":{"line":146,"column":0},"end":{"line":146,"column":18}},"146":{"start":{"line":147,"column":0},"end":{"line":147,"column":12}},"147":{"start":{"line":148,"column":0},"end":{"line":148,"column":6}},"148":{"start":{"line":149,"column":0},"end":{"line":149,"column":3}},"149":{"start":{"line":150,"column":0},"end":{"line":150,"column":2}},"150":{"start":{"line":151,"column":0},"end":{"line":151,"column":0}},"151":{"start":{"line":152,"column":0},"end":{"line":152,"column":23}}},"s":{"0":1,"1":1,"2":1,"3":1,"4":1,"5":1,"6":1,"7":1,"8":1,"9":1,"10":1,"11":1,"12":6,"13":6,"14":6,"15":6,"16":6,"17":6,"18":6,"19":6,"20":6,"21":6,"22":6,"23":6,"24":2,"25":2,"26":2,"27":2,"28":2,"29":2,"30":2,"31":2,"32":2,"33":2,"34":2,"35":0,"36":2,"37":2,"38":2,"39":2,"40":0,"41":0,"42":2,"43":2,"44":2,"45":2,"46":2,"47":6,"48":6,"49":6,"50":1,"51":1,"52":1,"53":1,"54":1,"55":1,"56":1,"57":1,"58":1,"59":1,"60":1,"61":1,"62":1,"63":1,"64":1,"65":1,"66":1,"67":1,"68":1,"69":1,"70":1,"71":1,"72":1,"73":0,"74":1,"75":1,"76":0,"77":1,"78":1,"79":0,"80":1,"81":1,"82":1,"83":0,"84":0,"85":0,"86":1,"87":0,"88":0,"89":1,"90":1,"91":6,"92":6,"93":6,"94":6,"95":1,"96":1,"97":6,"98":6,"99":6,"100":4,"101":4,"102":4,"103":4,"104":4,"105":4,"106":4,"107":4,"108":4,"109":4,"110":4,"111":3,"112":1,"113":1,"114":1,"115":1,"116":1,"117":4,"118":4,"119":4,"120":4,"121":3,"122":3,"123":3,"124":3,"125":1,"126":4,"127":4,"128":4,"129":4,"130":4,"131":4,"132":4,"133":4,"134":4,"135":4,"136":4,"137":4,"138":6,"139":2,"140":2,"141":2,"142":2,"143":2,"144":2,"145":2,"146":2,"147":2,"148":2,"149":6,"150":1,"151":1},"branchMap":{"0":{"type":"branch","line":12,"loc":{"start":{"line":12,"column":16},"end":{"line":150,"column":2}},"locations":[{"start":{"line":12,"column":16},"end":{"line":150,"column":2}}]},"1":{"type":"branch","line":100,"loc":{"start":{"line":100,"column":16},"end":{"line":139,"column":3}},"locations":[{"start":{"line":100,"column":16},"end":{"line":139,"column":3}}]},"2":{"type":"branch","line":105,"loc":{"start":{"line":105,"column":16},"end":{"line":105,"column":60}},"locations":[{"start":{"line":105,"column":16},"end":{"line":105,"column":60}}]},"3":{"type":"branch","line":106,"loc":{"start":{"line":106,"column":18},"end":{"line":106,"column":66}},"locations":[{"start":{"line":106,"column":18},"end":{"line":106,"column":66}}]},"4":{"type":"branch","line":111,"loc":{"start":{"line":111,"column":21},"end":{"line":112,"column":62}},"locations":[{"start":{"line":111,"column":21},"end":{"line":112,"column":62}}]},"5":{"type":"branch","line":113,"loc":{"start":{"line":113,"column":-1},"end":{"line":117,"column":24}},"locations":[{"start":{"line":113,"column":-1},"end":{"line":117,"column":24}}]},"6":{"type":"branch","line":121,"loc":{"start":{"line":121,"column":21},"end":{"line":125,"column":24}},"locations":[{"start":{"line":121,"column":21},"end":{"line":125,"column":24}}]},"7":{"type":"branch","line":126,"loc":{"start":{"line":126,"column":-1},"end":{"line":126,"column":25}},"locations":[{"start":{"line":126,"column":-1},"end":{"line":126,"column":25}}]},"8":{"type":"branch","line":139,"loc":{"start":{"line":139,"column":3},"end":{"line":149,"column":3}},"locations":[{"start":{"line":139,"column":3},"end":{"line":149,"column":3}}]},"9":{"type":"branch","line":24,"loc":{"start":{"line":24,"column":12},"end":{"line":48,"column":3}},"locations":[{"start":{"line":24,"column":12},"end":{"line":48,"column":3}}]},"10":{"type":"branch","line":25,"loc":{"start":{"line":25,"column":17},"end":{"line":25,"column":20}},"locations":[{"start":{"line":25,"column":17},"end":{"line":25,"column":20}}]},"11":{"type":"branch","line":25,"loc":{"start":{"line":25,"column":20},"end":{"line":44,"column":26}},"locations":[{"start":{"line":25,"column":20},"end":{"line":44,"column":26}}]},"12":{"type":"branch","line":25,"loc":{"start":{"line":25,"column":20},"end":{"line":44,"column":26}},"locations":[{"start":{"line":25,"column":20},"end":{"line":44,"column":26}}]},"13":{"type":"branch","line":25,"loc":{"start":{"line":25,"column":20},"end":{"line":44,"column":26}},"locations":[{"start":{"line":25,"column":20},"end":{"line":44,"column":26}}]},"14":{"type":"branch","line":25,"loc":{"start":{"line":25,"column":20},"end":{"line":33,"column":11}},"locations":[{"start":{"line":25,"column":20},"end":{"line":33,"column":11}}]},"15":{"type":"branch","line":33,"loc":{"start":{"line":33,"column":10},"end":{"line":34,"column":43}},"locations":[{"start":{"line":33,"column":10},"end":{"line":34,"column":43}}]},"16":{"type":"branch","line":34,"loc":{"start":{"line":34,"column":42},"end":{"line":36,"column":43}},"locations":[{"start":{"line":34,"column":42},"end":{"line":36,"column":43}}]},"17":{"type":"branch","line":35,"loc":{"start":{"line":35,"column":24},"end":{"line":36,"column":43}},"locations":[{"start":{"line":35,"column":24},"end":{"line":36,"column":43}}]},"18":{"type":"branch","line":36,"loc":{"start":{"line":36,"column":42},"end":{"line":40,"column":23}},"locations":[{"start":{"line":36,"column":42},"end":{"line":40,"column":23}}]},"19":{"type":"branch","line":41,"loc":{"start":{"line":41,"column":-1},"end":{"line":42,"column":30}},"locations":[{"start":{"line":41,"column":-1},"end":{"line":42,"column":30}}]},"20":{"type":"branch","line":43,"loc":{"start":{"line":43,"column":-1},"end":{"line":44,"column":26}},"locations":[{"start":{"line":43,"column":-1},"end":{"line":44,"column":26}}]},"21":{"type":"branch","line":50,"loc":{"start":{"line":50,"column":25},"end":{"line":50,"column":28}},"locations":[{"start":{"line":50,"column":25},"end":{"line":50,"column":28}}]},"22":{"type":"branch","line":50,"loc":{"start":{"line":50,"column":28},"end":{"line":91,"column":24}},"locations":[{"start":{"line":50,"column":28},"end":{"line":91,"column":24}}]},"23":{"type":"branch","line":50,"loc":{"start":{"line":50,"column":36},"end":{"line":91,"column":24}},"locations":[{"start":{"line":50,"column":36},"end":{"line":91,"column":24}}]},"24":{"type":"branch","line":50,"loc":{"start":{"line":50,"column":36},"end":{"line":91,"column":24}},"locations":[{"start":{"line":50,"column":36},"end":{"line":91,"column":24}}]},"25":{"type":"branch","line":50,"loc":{"start":{"line":50,"column":36},"end":{"line":70,"column":9}},"locations":[{"start":{"line":50,"column":36},"end":{"line":70,"column":9}}]},"26":{"type":"branch","line":70,"loc":{"start":{"line":70,"column":8},"end":{"line":71,"column":42}},"locations":[{"start":{"line":70,"column":8},"end":{"line":71,"column":42}}]},"27":{"type":"branch","line":71,"loc":{"start":{"line":71,"column":41},"end":{"line":72,"column":42}},"locations":[{"start":{"line":71,"column":41},"end":{"line":72,"column":42}}]},"28":{"type":"branch","line":72,"loc":{"start":{"line":72,"column":41},"end":{"line":74,"column":61}},"locations":[{"start":{"line":72,"column":41},"end":{"line":74,"column":61}}]},"29":{"type":"branch","line":73,"loc":{"start":{"line":73,"column":22},"end":{"line":73,"column":38}},"locations":[{"start":{"line":73,"column":22},"end":{"line":73,"column":38}}]},"30":{"type":"branch","line":73,"loc":{"start":{"line":73,"column":38},"end":{"line":74,"column":61}},"locations":[{"start":{"line":73,"column":38},"end":{"line":74,"column":61}}]},"31":{"type":"branch","line":74,"loc":{"start":{"line":74,"column":60},"end":{"line":77,"column":42}},"locations":[{"start":{"line":74,"column":60},"end":{"line":77,"column":42}}]},"32":{"type":"branch","line":76,"loc":{"start":{"line":76,"column":22},"end":{"line":77,"column":42}},"locations":[{"start":{"line":76,"column":22},"end":{"line":77,"column":42}}]},"33":{"type":"branch","line":77,"loc":{"start":{"line":77,"column":41},"end":{"line":80,"column":42}},"locations":[{"start":{"line":77,"column":41},"end":{"line":80,"column":42}}]},"34":{"type":"branch","line":79,"loc":{"start":{"line":79,"column":22},"end":{"line":80,"column":42}},"locations":[{"start":{"line":79,"column":22},"end":{"line":80,"column":42}}]},"35":{"type":"branch","line":80,"loc":{"start":{"line":80,"column":41},"end":{"line":87,"column":15}},"locations":[{"start":{"line":80,"column":41},"end":{"line":87,"column":15}}]},"36":{"type":"branch","line":88,"loc":{"start":{"line":88,"column":-1},"end":{"line":89,"column":28}},"locations":[{"start":{"line":88,"column":-1},"end":{"line":89,"column":28}}]},"37":{"type":"branch","line":90,"loc":{"start":{"line":90,"column":-1},"end":{"line":91,"column":24}},"locations":[{"start":{"line":90,"column":-1},"end":{"line":91,"column":24}}]},"38":{"type":"branch","line":95,"loc":{"start":{"line":95,"column":28},"end":{"line":98,"column":3}},"locations":[{"start":{"line":95,"column":28},"end":{"line":98,"column":3}}]}},"b":{"0":[6],"1":[4],"2":[0],"3":[2],"4":[3],"5":[1],"6":[3],"7":[1],"8":[2],"9":[2],"10":[2],"11":[2],"12":[8],"13":[12],"14":[2],"15":[2],"16":[2],"17":[0],"18":[2],"19":[0],"20":[2],"21":[6],"22":[1],"23":[5],"24":[9],"25":[1],"26":[1],"27":[1],"28":[1],"29":[0],"30":[0],"31":[1],"32":[0],"33":[1],"34":[0],"35":[1],"36":[0],"37":[1],"38":[1]},"fnMap":{"0":{"name":"Profile","decl":{"start":{"line":12,"column":16},"end":{"line":150,"column":2}},"loc":{"start":{"line":12,"column":16},"end":{"line":150,"column":2}},"line":12},"1":{"name":"_callee","decl":{"start":{"line":25,"column":20},"end":{"line":44,"column":26}},"loc":{"start":{"line":25,"column":20},"end":{"line":44,"column":26}},"line":25},"2":{"name":"_callee$","decl":{"start":{"line":25,"column":20},"end":{"line":44,"column":26}},"loc":{"start":{"line":25,"column":20},"end":{"line":44,"column":26}},"line":25},"3":{"name":"_callee2","decl":{"start":{"line":50,"column":28},"end":{"line":91,"column":24}},"loc":{"start":{"line":50,"column":28},"end":{"line":91,"column":24}},"line":50},"4":{"name":"_callee2$","decl":{"start":{"line":50,"column":36},"end":{"line":91,"column":24}},"loc":{"start":{"line":50,"column":36},"end":{"line":91,"column":24}},"line":50},"5":{"name":"handleChangePhoto","decl":{"start":{"line":95,"column":28},"end":{"line":98,"column":3}},"loc":{"start":{"line":95,"column":28},"end":{"line":98,"column":3}},"line":95}},"f":{"0":6,"1":2,"2":8,"3":1,"4":5,"5":1}}
,"/home/alabgh01/Desktop/client-sp/src/util/AdminRoute.js": {"path":"/home/alabgh01/Desktop/client-sp/src/util/AdminRoute.js","all":false,"statementMap":{"0":{"start":{"line":1,"column":0},"end":{"line":1,"column":22}},"1":{"start":{"line":2,"column":0},"end":{"line":2,"column":51}},"2":{"start":{"line":3,"column":0},"end":{"line":3,"column":54}},"3":{"start":{"line":4,"column":0},"end":{"line":4,"column":35}},"4":{"start":{"line":5,"column":0},"end":{"line":5,"column":49}},"5":{"start":{"line":6,"column":0},"end":{"line":6,"column":0}},"6":{"start":{"line":7,"column":0},"end":{"line":7,"column":31}},"7":{"start":{"line":8,"column":0},"end":{"line":8,"column":33}},"8":{"start":{"line":9,"column":0},"end":{"line":9,"column":0}},"9":{"start":{"line":10,"column":0},"end":{"line":10,"column":48}},"10":{"start":{"line":11,"column":0},"end":{"line":11,"column":0}},"11":{"start":{"line":12,"column":0},"end":{"line":12,"column":27}},"12":{"start":{"line":13,"column":0},"end":{"line":13,"column":52}},"13":{"start":{"line":14,"column":0},"end":{"line":14,"column":0}},"14":{"start":{"line":15,"column":0},"end":{"line":15,"column":50}},"15":{"start":{"line":16,"column":0},"end":{"line":16,"column":24}},"16":{"start":{"line":17,"column":0},"end":{"line":17,"column":42}},"17":{"start":{"line":18,"column":0},"end":{"line":18,"column":43}},"18":{"start":{"line":19,"column":0},"end":{"line":19,"column":31}},"19":{"start":{"line":20,"column":0},"end":{"line":20,"column":5}},"20":{"start":{"line":21,"column":0},"end":{"line":21,"column":0}},"21":{"start":{"line":22,"column":0},"end":{"line":22,"column":41}},"22":{"start":{"line":23,"column":0},"end":{"line":23,"column":0}},"23":{"start":{"line":24,"column":0},"end":{"line":24,"column":35}},"24":{"start":{"line":25,"column":0},"end":{"line":25,"column":24}},"25":{"start":{"line":26,"column":0},"end":{"line":26,"column":40}},"26":{"start":{"line":27,"column":0},"end":{"line":27,"column":31}},"27":{"start":{"line":28,"column":0},"end":{"line":28,"column":5}},"28":{"start":{"line":29,"column":0},"end":{"line":29,"column":0}},"29":{"start":{"line":30,"column":0},"end":{"line":30,"column":8}},"30":{"start":{"line":31,"column":0},"end":{"line":31,"column":21}},"31":{"start":{"line":32,"column":0},"end":{"line":32,"column":8}},"32":{"start":{"line":33,"column":0},"end":{"line":33,"column":4}},"33":{"start":{"line":34,"column":0},"end":{"line":34,"column":0}},"34":{"start":{"line":35,"column":0},"end":{"line":35,"column":19}},"35":{"start":{"line":36,"column":0},"end":{"line":36,"column":16}},"36":{"start":{"line":37,"column":0},"end":{"line":37,"column":16}},"37":{"start":{"line":38,"column":0},"end":{"line":38,"column":0}},"38":{"start":{"line":39,"column":0},"end":{"line":39,"column":76}},"39":{"start":{"line":40,"column":0},"end":{"line":40,"column":2}},"40":{"start":{"line":41,"column":0},"end":{"line":41,"column":0}},"41":{"start":{"line":42,"column":0},"end":{"line":42,"column":26}}},"s":{"0":1,"1":1,"2":1,"3":1,"4":1,"5":1,"6":1,"7":2,"8":2,"9":2,"10":2,"11":2,"12":1,"13":1,"14":1,"15":0,"16":0,"17":0,"18":0,"19":0,"20":1,"21":1,"22":1,"23":1,"24":1,"25":1,"26":1,"27":1,"28":0,"29":0,"30":0,"31":0,"32":2,"33":2,"34":2,"35":1,"36":2,"37":2,"38":2,"39":2,"40":1,"41":1},"branchMap":{"0":{"type":"branch","line":7,"loc":{"start":{"line":7,"column":19},"end":{"line":40,"column":2}},"locations":[{"start":{"line":7,"column":19},"end":{"line":40,"column":2}}]},"1":{"type":"branch","line":39,"loc":{"start":{"line":39,"column":33},"end":{"line":39,"column":50}},"locations":[{"start":{"line":39,"column":33},"end":{"line":39,"column":50}}]},"2":{"type":"branch","line":12,"loc":{"start":{"line":12,"column":20},"end":{"line":33,"column":3}},"locations":[{"start":{"line":12,"column":20},"end":{"line":33,"column":3}}]},"3":{"type":"branch","line":15,"loc":{"start":{"line":15,"column":49},"end":{"line":20,"column":5}},"locations":[{"start":{"line":15,"column":49},"end":{"line":20,"column":5}}]},"4":{"type":"branch","line":28,"loc":{"start":{"line":28,"column":4},"end":{"line":33,"column":3}},"locations":[{"start":{"line":28,"column":4},"end":{"line":33,"column":3}}]},"5":{"type":"branch","line":35,"loc":{"start":{"line":35,"column":12},"end":{"line":37,"column":3}},"locations":[{"start":{"line":35,"column":12},"end":{"line":37,"column":3}}]}},"b":{"0":[2],"1":[0],"2":[1],"3":[0],"4":[0],"5":[1]},"fnMap":{"0":{"name":"AdminRoute","decl":{"start":{"line":7,"column":19},"end":{"line":40,"column":2}},"loc":{"start":{"line":7,"column":19},"end":{"line":40,"column":2}},"line":7},"1":{"name":"adminAuth","decl":{"start":{"line":12,"column":20},"end":{"line":33,"column":3}},"loc":{"start":{"line":12,"column":20},"end":{"line":33,"column":3}},"line":12}},"f":{"0":2,"1":1}}
,"/home/alabgh01/Desktop/client-sp/src/util/ProtectedRoute.js": {"path":"/home/alabgh01/Desktop/client-sp/src/util/ProtectedRoute.js","all":false,"statementMap":{"0":{"start":{"line":1,"column":0},"end":{"line":1,"column":22}},"1":{"start":{"line":2,"column":0},"end":{"line":2,"column":51}},"2":{"start":{"line":3,"column":0},"end":{"line":3,"column":54}},"3":{"start":{"line":4,"column":0},"end":{"line":4,"column":0}},"4":{"start":{"line":5,"column":0},"end":{"line":5,"column":35}},"5":{"start":{"line":6,"column":0},"end":{"line":6,"column":33}},"6":{"start":{"line":7,"column":0},"end":{"line":7,"column":0}},"7":{"start":{"line":8,"column":0},"end":{"line":8,"column":54}},"8":{"start":{"line":9,"column":0},"end":{"line":9,"column":0}},"9":{"start":{"line":10,"column":0},"end":{"line":10,"column":32}},"10":{"start":{"line":11,"column":0},"end":{"line":11,"column":52}},"11":{"start":{"line":12,"column":0},"end":{"line":12,"column":50}},"12":{"start":{"line":13,"column":0},"end":{"line":13,"column":27}},"13":{"start":{"line":14,"column":0},"end":{"line":14,"column":31}},"14":{"start":{"line":15,"column":0},"end":{"line":15,"column":5}},"15":{"start":{"line":16,"column":0},"end":{"line":16,"column":0}},"16":{"start":{"line":17,"column":0},"end":{"line":17,"column":24}},"17":{"start":{"line":18,"column":0},"end":{"line":18,"column":4}},"18":{"start":{"line":19,"column":0},"end":{"line":19,"column":0}},"19":{"start":{"line":20,"column":0},"end":{"line":20,"column":19}},"20":{"start":{"line":21,"column":0},"end":{"line":21,"column":21}},"21":{"start":{"line":22,"column":0},"end":{"line":22,"column":19}},"22":{"start":{"line":23,"column":0},"end":{"line":23,"column":79}},"23":{"start":{"line":24,"column":0},"end":{"line":24,"column":2}},"24":{"start":{"line":25,"column":0},"end":{"line":25,"column":30}}},"s":{"0":1,"1":1,"2":1,"3":1,"4":1,"5":3,"6":3,"7":3,"8":3,"9":3,"10":2,"11":2,"12":0,"13":0,"14":0,"15":2,"16":2,"17":3,"18":3,"19":3,"20":2,"21":3,"22":3,"23":3,"24":1},"branchMap":{"0":{"type":"branch","line":5,"loc":{"start":{"line":5,"column":23},"end":{"line":24,"column":2}},"locations":[{"start":{"line":5,"column":23},"end":{"line":24,"column":2}}]},"1":{"type":"branch","line":23,"loc":{"start":{"line":23,"column":36},"end":{"line":23,"column":53}},"locations":[{"start":{"line":23,"column":36},"end":{"line":23,"column":53}}]},"2":{"type":"branch","line":23,"loc":{"start":{"line":23,"column":53},"end":{"line":23,"column":77}},"locations":[{"start":{"line":23,"column":53},"end":{"line":23,"column":77}}]},"3":{"type":"branch","line":10,"loc":{"start":{"line":10,"column":25},"end":{"line":18,"column":3}},"locations":[{"start":{"line":10,"column":25},"end":{"line":18,"column":3}}]},"4":{"type":"branch","line":12,"loc":{"start":{"line":12,"column":49},"end":{"line":15,"column":5}},"locations":[{"start":{"line":12,"column":49},"end":{"line":15,"column":5}}]},"5":{"type":"branch","line":20,"loc":{"start":{"line":20,"column":12},"end":{"line":22,"column":3}},"locations":[{"start":{"line":20,"column":12},"end":{"line":22,"column":3}}]}},"b":{"0":[3],"1":[2],"2":[1],"3":[2],"4":[0],"5":[2]},"fnMap":{"0":{"name":"ProtectedRoute","decl":{"start":{"line":5,"column":23},"end":{"line":24,"column":2}},"loc":{"start":{"line":5,"column":23},"end":{"line":24,"column":2}},"line":5},"1":{"name":"checkUserToken","decl":{"start":{"line":10,"column":25},"end":{"line":18,"column":3}},"loc":{"start":{"line":10,"column":25},"end":{"line":18,"column":3}},"line":10}},"f":{"0":3,"1":2}}
}
