TN:
SF:mocks/fileMock.js
FNF:0
FNH:0
DA:1,1
LF:1
LH:1
BRF:0
BRH:0
end_of_record
TN:
SF:src/App.js
FN:20,App
FNF:1
FNH:1
FNDA:1,App
DA:1,1
DA:2,1
DA:3,1
DA:4,1
DA:5,1
DA:6,1
DA:7,1
DA:8,1
DA:9,1
DA:10,1
DA:11,1
DA:12,1
DA:13,1
DA:14,1
DA:15,1
DA:16,1
DA:17,1
DA:18,1
DA:19,1
DA:20,1
DA:21,1
DA:22,1
DA:23,1
DA:24,1
DA:25,1
DA:26,1
DA:27,1
DA:28,1
DA:29,1
DA:30,1
DA:31,1
DA:32,1
DA:33,1
DA:34,1
DA:35,1
DA:36,1
DA:37,1
DA:38,1
DA:39,1
DA:40,1
DA:41,1
DA:42,1
DA:43,1
DA:44,1
DA:45,1
DA:46,1
DA:47,1
DA:48,1
DA:49,1
DA:50,1
DA:51,1
DA:52,1
DA:53,1
DA:54,1
DA:55,1
DA:56,1
DA:57,1
DA:58,1
DA:59,1
DA:60,1
DA:61,1
DA:62,1
DA:63,1
DA:64,1
DA:65,1
DA:66,1
DA:67,1
DA:68,1
DA:69,1
LF:69
LH:69
BRDA:20,0,0,1
BRF:1
BRH:1
end_of_record
TN:
SF:src/globalVars.js
FNF:0
FNH:0
DA:1,1
DA:2,1
DA:3,1
DA:4,1
DA:5,1
DA:6,1
LF:6
LH:6
BRF:0
BRH:0
end_of_record
TN:
SF:src/components/adminOptions/AddAdmin.js
FN:5,AddAdmin
FN:12,_callee
FN:12,_callee$
FN:48,onChange
FNF:4
FNH:4
FNDA:3,AddAdmin
FNDA:1,_callee
FNDA:3,_callee$
FNDA:1,onChange
DA:1,1
DA:2,1
DA:3,1
DA:4,1
DA:5,1
DA:6,3
DA:7,3
DA:8,3
DA:9,3
DA:10,3
DA:11,3
DA:12,3
DA:13,1
DA:14,1
DA:15,1
DA:16,1
DA:17,1
DA:18,1
DA:19,1
DA:20,1
DA:21,1
DA:22,1
DA:23,1
DA:24,1
DA:25,1
DA:26,0
DA:27,0
DA:28,0
DA:29,0
DA:30,0
DA:31,0
DA:32,0
DA:33,0
DA:34,0
DA:35,1
DA:36,1
DA:37,1
DA:38,1
DA:39,3
DA:40,3
DA:41,3
DA:42,3
DA:43,3
DA:44,3
DA:45,3
DA:46,3
DA:47,3
DA:48,3
DA:49,3
DA:50,3
DA:51,3
DA:52,3
DA:53,3
DA:54,3
DA:55,3
DA:56,3
DA:57,3
DA:58,3
DA:59,3
DA:60,3
DA:61,3
DA:62,3
DA:63,3
DA:64,1
DA:65,1
LF:65
LH:56
BRDA:5,0,0,3
BRDA:57,1,0,1
BRDA:57,2,0,1
BRDA:58,3,0,0
BRDA:12,4,0,3
BRDA:12,5,0,1
BRDA:12,6,0,3
BRDA:12,7,0,1
BRDA:25,8,0,0
BRDA:26,9,0,0
BRDA:28,10,0,0
BRDA:35,11,0,1
BRDA:37,12,0,1
BRDA:48,13,0,1
BRF:14
BRH:10
end_of_record
TN:
SF:src/components/adminOptions/AdminPopUp.js
FN:6,AdminPopUp
FN:9,adminAuth
FNF:2
FNH:2
FNDA:18,AdminPopUp
FNDA:8,adminAuth
DA:1,1
DA:2,1
DA:3,1
DA:4,1
DA:5,1
DA:6,1
DA:7,18
DA:8,18
DA:9,8
DA:10,8
DA:11,8
DA:12,6
DA:13,6
DA:14,6
DA:15,2
DA:16,2
DA:17,2
DA:18,2
DA:19,2
DA:20,0
DA:21,8
DA:22,8
DA:23,18
DA:24,18
DA:25,18
DA:26,18
DA:27,18
DA:28,0
DA:29,0
DA:30,18
DA:31,18
DA:32,18
DA:33,18
DA:34,18
DA:35,1
DA:36,1
LF:36
LH:33
BRDA:6,0,0,18
BRDA:27,1,0,0
BRDA:8,2,0,8
BRDA:9,3,0,8
BRDA:11,4,0,2
BRDA:11,5,0,6
BRDA:14,6,0,2
BRDA:19,7,0,0
BRF:8
BRH:6
end_of_record
TN:
SF:src/components/adminOptions/DeletePost.js
FN:5,DeletePost
FN:15,_callee
FN:50,onChange
FN:59,onChange
FN:68,onChange
FNF:5
FNH:3
FNDA:3,DeletePost
FNDA:0,_callee
FNDA:0,onChange
FNDA:1,onChange
FNDA:1,onChange
DA:1,1
DA:2,1
DA:3,1
DA:4,1
DA:5,1
DA:6,3
DA:7,3
DA:8,3
DA:9,3
DA:10,3
DA:11,3
DA:12,3
DA:13,3
DA:14,3
DA:15,3
DA:16,0
DA:17,0
DA:18,0
DA:19,0
DA:20,0
DA:21,0
DA:22,0
DA:23,0
DA:24,0
DA:25,0
DA:26,0
DA:27,0
DA:28,0
DA:29,0
DA:30,0
DA:31,0
DA:32,0
DA:33,0
DA:34,0
DA:35,0
DA:36,0
DA:37,0
DA:38,0
DA:39,0
DA:40,0
DA:41,3
DA:42,3
DA:43,3
DA:44,3
DA:45,3
DA:46,3
DA:47,3
DA:48,3
DA:49,3
DA:50,3
DA:51,3
DA:52,3
DA:53,3
DA:54,3
DA:55,3
DA:56,3
DA:57,3
DA:58,3
DA:59,3
DA:60,3
DA:61,3
DA:62,3
DA:63,3
DA:64,3
DA:65,3
DA:66,3
DA:67,3
DA:68,3
DA:69,3
DA:70,3
DA:71,3
DA:72,3
DA:73,3
DA:74,3
DA:75,3
DA:76,3
DA:77,3
DA:78,3
DA:79,3
DA:80,3
DA:81,3
DA:82,3
DA:83,3
DA:84,1
DA:85,1
LF:85
LH:60
BRDA:5,0,0,3
BRDA:77,1,0,0
BRDA:77,2,0,0
BRDA:78,3,0,0
BRDA:15,4,0,3
BRDA:59,5,0,1
BRDA:68,6,0,1
BRF:7
BRH:4
end_of_record
TN:
SF:src/components/adminOptions/DeleteUser.js
FN:5,DeleteUser
FN:12,_callee
FN:12,_callee$
FN:48,onChange
FNF:4
FNH:4
FNDA:3,DeleteUser
FNDA:1,_callee
FNDA:3,_callee$
FNDA:1,onChange
DA:1,1
DA:2,1
DA:3,1
DA:4,1
DA:5,1
DA:6,3
DA:7,3
DA:8,3
DA:9,3
DA:10,3
DA:11,3
DA:12,3
DA:13,1
DA:14,1
DA:15,1
DA:16,1
DA:17,1
DA:18,1
DA:19,1
DA:20,1
DA:21,1
DA:22,1
DA:23,1
DA:24,1
DA:25,1
DA:26,0
DA:27,0
DA:28,0
DA:29,0
DA:30,0
DA:31,0
DA:32,0
DA:33,0
DA:34,0
DA:35,1
DA:36,1
DA:37,1
DA:38,1
DA:39,3
DA:40,3
DA:41,3
DA:42,3
DA:43,3
DA:44,3
DA:45,3
DA:46,3
DA:47,3
DA:48,3
DA:49,3
DA:50,3
DA:51,3
DA:52,3
DA:53,3
DA:54,3
DA:55,3
DA:56,3
DA:57,3
DA:58,3
DA:59,3
DA:60,3
DA:61,3
DA:62,3
DA:63,3
DA:64,1
DA:65,1
LF:65
LH:56
BRDA:5,0,0,3
BRDA:57,1,0,1
BRDA:57,2,0,1
BRDA:58,3,0,0
BRDA:12,4,0,3
BRDA:12,5,0,1
BRDA:12,6,0,3
BRDA:12,7,0,1
BRDA:25,8,0,0
BRDA:26,9,0,0
BRDA:28,10,0,0
BRDA:35,11,0,1
BRDA:37,12,0,1
BRDA:48,13,0,1
BRF:14
BRH:10
end_of_record
TN:
SF:src/components/adminOptions/EditUser.js
FN:7,EditUser
FN:20,_callee
FN:20,_callee$
FN:56,handleToggle
FN:77,onChange
FN:82,onClick
FN:93,onChange
FN:98,onClick
FN:109,onChange
FN:114,onClick
FNF:10
FNH:10
FNDA:7,EditUser
FNDA:1,_callee
FNDA:3,_callee$
FNDA:3,handleToggle
FNDA:1,onChange
FNDA:1,onClick
FNDA:1,onChange
FNDA:1,onClick
FNDA:1,onChange
FNDA:1,onClick
DA:1,1
DA:2,1
DA:3,1
DA:4,1
DA:5,1
DA:6,1
DA:7,1
DA:8,7
DA:9,7
DA:10,7
DA:11,7
DA:12,7
DA:13,7
DA:14,7
DA:15,7
DA:16,7
DA:17,7
DA:18,7
DA:19,7
DA:20,7
DA:21,1
DA:22,1
DA:23,1
DA:24,1
DA:25,1
DA:26,1
DA:27,1
DA:28,1
DA:29,1
DA:30,1
DA:31,1
DA:32,1
DA:33,1
DA:34,1
DA:35,1
DA:36,1
DA:37,1
DA:38,0
DA:39,0
DA:40,0
DA:41,0
DA:42,0
DA:43,0
DA:44,0
DA:45,0
DA:46,0
DA:47,0
DA:48,0
DA:49,1
DA:50,1
DA:51,1
DA:52,1
DA:53,7
DA:54,7
DA:55,7
DA:56,7
DA:57,3
DA:58,3
DA:59,3
DA:60,3
DA:61,3
DA:62,7
DA:63,7
DA:64,7
DA:65,7
DA:66,7
DA:67,7
DA:68,7
DA:69,7
DA:70,7
DA:71,7
DA:72,7
DA:73,6
DA:74,6
DA:75,6
DA:76,6
DA:77,6
DA:78,1
DA:79,1
DA:80,7
DA:81,7
DA:82,7
DA:83,7
DA:84,7
DA:85,7
DA:86,7
DA:87,7
DA:88,7
DA:89,4
DA:90,4
DA:91,4
DA:92,4
DA:93,4
DA:94,1
DA:95,1
DA:96,7
DA:97,7
DA:98,7
DA:99,7
DA:100,7
DA:101,7
DA:102,7
DA:103,7
DA:104,7
DA:105,2
DA:106,2
DA:107,2
DA:108,2
DA:109,2
DA:110,1
DA:111,1
DA:112,7
DA:113,7
DA:114,7
DA:115,7
DA:116,7
DA:117,7
DA:118,7
DA:119,7
DA:120,7
DA:121,7
DA:122,7
DA:123,7
DA:124,7
DA:125,7
DA:126,7
DA:127,7
DA:128,7
DA:129,7
DA:130,7
DA:131,7
DA:132,7
DA:133,7
DA:134,7
DA:135,7
DA:136,7
DA:137,7
DA:138,7
DA:139,7
DA:140,7
DA:141,7
DA:142,7
DA:143,7
DA:144,7
DA:145,7
DA:146,7
DA:147,7
DA:148,7
DA:149,7
DA:150,7
DA:151,7
DA:152,7
DA:153,7
DA:154,7
DA:155,1
DA:156,1
LF:156
LH:145
BRDA:7,0,0,7
BRDA:72,1,0,6
BRDA:88,2,0,4
BRDA:104,3,0,2
BRDA:142,4,0,1
BRDA:143,5,0,1
BRDA:144,6,0,1
BRDA:145,7,0,6
BRDA:146,8,0,0
BRDA:147,9,0,0
BRDA:20,10,0,7
BRDA:20,11,0,1
BRDA:20,12,0,3
BRDA:20,13,0,1
BRDA:37,14,0,0
BRDA:39,15,0,0
BRDA:42,16,0,0
BRDA:49,17,0,1
BRDA:51,18,0,1
BRDA:56,19,0,3
BRDA:57,20,0,3
BRDA:77,21,0,1
BRDA:82,22,0,1
BRDA:93,23,0,1
BRDA:98,24,0,1
BRDA:109,25,0,1
BRDA:114,26,0,1
BRF:27
BRH:22
end_of_record
TN:
SF:src/components/adminOptions/FindUser.js
FN:6,FindUser
FN:13,_callee
FN:13,_callee$
FN:46,onChange
FNF:4
FNH:4
FNDA:3,FindUser
FNDA:1,_callee
FNDA:3,_callee$
FNDA:1,onChange
DA:1,1
DA:2,1
DA:3,1
DA:4,1
DA:5,1
DA:6,1
DA:7,3
DA:8,3
DA:9,3
DA:10,3
DA:11,3
DA:12,3
DA:13,3
DA:14,1
DA:15,1
DA:16,1
DA:17,1
DA:18,1
DA:19,1
DA:20,1
DA:21,1
DA:22,1
DA:23,1
DA:24,1
DA:25,1
DA:26,1
DA:27,0
DA:28,0
DA:29,0
DA:30,0
DA:31,0
DA:32,0
DA:33,1
DA:34,1
DA:35,1
DA:36,1
DA:37,3
DA:38,3
DA:39,3
DA:40,3
DA:41,3
DA:42,3
DA:43,3
DA:44,3
DA:45,3
DA:46,3
DA:47,3
DA:48,3
DA:49,3
DA:50,3
DA:51,3
DA:52,3
DA:53,3
DA:54,3
DA:55,3
DA:56,3
DA:57,3
DA:58,3
DA:59,3
DA:60,3
DA:61,3
DA:62,1
DA:63,1
LF:63
LH:57
BRDA:6,0,0,3
BRDA:55,1,0,1
BRDA:55,2,0,1
BRDA:58,3,0,0
BRDA:13,4,0,3
BRDA:13,5,0,1
BRDA:13,6,0,3
BRDA:13,7,0,1
BRDA:26,8,0,0
BRDA:27,9,0,0
BRDA:29,10,0,0
BRDA:33,11,0,1
BRDA:35,12,0,1
BRDA:46,13,0,1
BRF:14
BRH:10
end_of_record
TN:
SF:src/components/adminOptions/RemoveAdmin.js
FN:5,RemoveAdmin
FN:12,_callee
FN:12,_callee$
FN:48,onChange
FNF:4
FNH:4
FNDA:3,RemoveAdmin
FNDA:1,_callee
FNDA:3,_callee$
FNDA:1,onChange
DA:1,1
DA:2,1
DA:3,1
DA:4,1
DA:5,1
DA:6,3
DA:7,3
DA:8,3
DA:9,3
DA:10,3
DA:11,3
DA:12,3
DA:13,1
DA:14,1
DA:15,1
DA:16,1
DA:17,1
DA:18,1
DA:19,1
DA:20,1
DA:21,1
DA:22,1
DA:23,1
DA:24,1
DA:25,1
DA:26,0
DA:27,0
DA:28,0
DA:29,0
DA:30,0
DA:31,0
DA:32,0
DA:33,0
DA:34,0
DA:35,1
DA:36,1
DA:37,1
DA:38,1
DA:39,3
DA:40,3
DA:41,3
DA:42,3
DA:43,3
DA:44,3
DA:45,3
DA:46,3
DA:47,3
DA:48,3
DA:49,3
DA:50,3
DA:51,3
DA:52,3
DA:53,3
DA:54,3
DA:55,3
DA:56,3
DA:57,3
DA:58,3
DA:59,3
DA:60,3
DA:61,3
DA:62,3
DA:63,3
DA:64,1
DA:65,1
LF:65
LH:56
BRDA:5,0,0,3
BRDA:57,1,0,1
BRDA:57,2,0,1
BRDA:58,3,0,0
BRDA:12,4,0,3
BRDA:12,5,0,1
BRDA:12,6,0,3
BRDA:12,7,0,1
BRDA:25,8,0,0
BRDA:26,9,0,0
BRDA:28,10,0,0
BRDA:35,11,0,1
BRDA:37,12,0,1
BRDA:48,13,0,1
BRF:14
BRH:10
end_of_record
TN:
SF:src/components/adminOptions/ResetUserPass.js
FN:6,ResetUserPass
FN:18,validPass
FN:22,_callee
FN:65,onChange
FN:74,onChange
FN:82,onChange
FN:90,onChange
FN:109,onChange
FNF:8
FNH:4
FNDA:4,ResetUserPass
FNDA:0,validPass
FNDA:0,_callee
FNDA:1,onChange
FNDA:0,onChange
FNDA:1,onChange
FNDA:1,onChange
FNDA:0,onChange
DA:1,1
DA:2,1
DA:3,1
DA:4,1
DA:5,1
DA:6,1
DA:7,4
DA:8,4
DA:9,4
DA:10,4
DA:11,4
DA:12,4
DA:13,4
DA:14,4
DA:15,4
DA:16,4
DA:17,4
DA:18,4
DA:19,0
DA:20,4
DA:21,4
DA:22,4
DA:23,0
DA:24,0
DA:25,0
DA:26,0
DA:27,0
DA:28,0
DA:29,0
DA:30,0
DA:31,0
DA:32,0
DA:33,0
DA:34,0
DA:35,0
DA:36,0
DA:37,0
DA:38,0
DA:39,0
DA:40,0
DA:41,0
DA:42,0
DA:43,0
DA:44,0
DA:45,0
DA:46,0
DA:47,0
DA:48,0
DA:49,0
DA:50,0
DA:51,0
DA:52,0
DA:53,0
DA:54,0
DA:55,4
DA:56,4
DA:57,4
DA:58,4
DA:59,4
DA:60,4
DA:61,4
DA:62,4
DA:63,4
DA:64,4
DA:65,4
DA:66,4
DA:67,4
DA:68,4
DA:69,4
DA:70,4
DA:71,4
DA:72,4
DA:73,4
DA:74,4
DA:75,4
DA:76,4
DA:77,4
DA:78,4
DA:79,4
DA:80,4
DA:81,4
DA:82,4
DA:83,4
DA:84,4
DA:85,4
DA:86,4
DA:87,4
DA:88,4
DA:89,4
DA:90,4
DA:91,4
DA:92,4
DA:93,4
DA:94,4
DA:95,4
DA:96,4
DA:97,4
DA:98,4
DA:99,4
DA:100,4
DA:101,4
DA:102,4
DA:103,4
DA:104,4
DA:105,4
DA:106,4
DA:107,4
DA:108,4
DA:109,4
DA:110,0
DA:111,0
DA:112,4
DA:113,4
DA:114,4
DA:115,4
DA:116,4
DA:117,4
DA:118,4
DA:119,4
DA:120,4
DA:121,4
DA:122,4
DA:123,1
DA:124,1
LF:124
LH:89
BRDA:6,0,0,4
BRDA:116,1,0,0
BRDA:116,2,0,0
BRDA:117,3,0,0
BRDA:22,4,0,4
BRDA:65,5,0,1
BRDA:82,6,0,1
BRDA:90,7,0,1
BRF:8
BRH:5
end_of_record
TN:
SF:src/components/footer/Footer.js
FN:7,Footer
FNF:1
FNH:1
FNDA:13,Footer
DA:1,1
DA:2,1
DA:3,1
DA:4,1
DA:5,1
DA:6,1
DA:7,1
DA:8,13
DA:9,13
DA:10,13
DA:11,13
DA:12,13
DA:13,13
DA:14,13
DA:15,13
DA:16,13
DA:17,13
DA:18,13
DA:19,13
DA:20,13
DA:21,13
DA:22,13
DA:23,13
DA:24,13
DA:25,13
DA:26,13
DA:27,13
DA:28,13
DA:29,13
DA:30,13
DA:31,13
DA:32,1
DA:33,1
LF:33
LH:33
BRDA:7,0,0,13
BRF:1
BRH:1
end_of_record
TN:
SF:src/components/home/HowTo.js
FN:7,HowTo
FNF:1
FNH:1
FNDA:1,HowTo
DA:1,1
DA:2,1
DA:3,1
DA:4,1
DA:5,1
DA:6,1
DA:7,1
DA:8,1
DA:9,1
DA:10,1
DA:11,1
DA:12,1
DA:13,1
DA:14,1
DA:15,1
DA:16,1
DA:17,1
DA:18,1
DA:19,1
DA:20,1
DA:21,8
DA:22,8
DA:23,8
DA:24,8
DA:25,8
DA:26,1
DA:27,1
DA:28,1
DA:29,1
DA:30,1
DA:31,1
DA:32,1
DA:33,1
LF:33
LH:33
BRDA:7,0,0,1
BRDA:20,1,0,8
BRF:2
BRH:2
end_of_record
TN:
SF:src/components/home/Question.js
FN:6,Question
FN:9,handleClick
FNF:2
FNH:1
FNDA:8,Question
FNDA:0,handleClick
DA:1,1
DA:2,1
DA:3,1
DA:4,1
DA:5,1
DA:6,1
DA:7,8
DA:8,8
DA:9,8
DA:10,0
DA:11,8
DA:12,8
DA:13,8
DA:14,8
DA:15,8
DA:16,8
DA:17,8
DA:18,8
DA:19,0
DA:20,8
DA:21,8
DA:22,8
DA:23,8
DA:24,8
DA:25,8
DA:26,8
DA:27,8
DA:28,8
DA:29,8
DA:30,8
DA:31,1
DA:32,1
LF:32
LH:30
BRDA:6,0,0,8
BRDA:18,1,0,0
BRDA:26,2,0,0
BRF:3
BRH:1
end_of_record
TN:
SF:src/components/home/data.js
FNF:0
FNH:0
DA:1,1
DA:2,1
DA:3,1
DA:4,1
DA:5,1
DA:6,1
DA:7,1
DA:8,1
DA:9,1
DA:10,1
DA:11,1
DA:12,1
DA:13,1
DA:14,1
DA:15,1
DA:16,1
DA:17,1
DA:18,1
DA:19,1
DA:20,1
DA:21,1
DA:22,1
DA:23,1
DA:24,1
DA:25,1
DA:26,1
DA:27,1
DA:28,1
DA:29,1
DA:30,1
DA:31,1
DA:32,1
DA:33,1
DA:34,1
DA:35,1
DA:36,1
DA:37,1
DA:38,1
DA:39,1
DA:40,1
DA:41,1
DA:42,1
DA:43,1
DA:44,1
DA:45,1
DA:46,1
DA:47,1
DA:48,1
DA:49,1
DA:50,1
DA:51,1
LF:51
LH:51
BRF:0
BRH:0
end_of_record
TN:
SF:src/components/images/Img.js
FN:5,Img
FN:11,_callee
FN:11,_callee$
FN:50,handleFileChange
FNF:4
FNH:4
FNDA:4,Img
FNDA:1,_callee
FNDA:3,_callee$
FNDA:1,handleFileChange
DA:1,1
DA:2,1
DA:3,1
DA:4,1
DA:5,1
DA:6,4
DA:7,4
DA:8,4
DA:9,4
DA:10,4
DA:11,4
DA:12,1
DA:13,1
DA:14,1
DA:15,1
DA:16,1
DA:17,1
DA:18,1
DA:19,1
DA:20,1
DA:21,1
DA:22,1
DA:23,0
DA:24,0
DA:25,0
DA:26,0
DA:27,0
DA:28,0
DA:29,0
DA:30,0
DA:31,0
DA:32,0
DA:33,0
DA:34,0
DA:35,0
DA:36,0
DA:37,0
DA:38,0
DA:39,0
DA:40,0
DA:41,0
DA:42,0
DA:43,1
DA:44,1
DA:45,1
DA:46,1
DA:47,4
DA:48,4
DA:49,4
DA:50,4
DA:51,1
DA:52,1
DA:53,4
DA:54,4
DA:55,4
DA:56,4
DA:57,4
DA:58,4
DA:59,4
DA:60,4
DA:61,4
DA:62,4
DA:63,4
DA:64,1
DA:65,1
LF:65
LH:45
BRDA:5,0,0,4
BRDA:60,1,0,1
BRDA:60,2,0,1
BRDA:11,3,0,4
BRDA:11,4,0,1
BRDA:11,5,0,3
BRDA:11,6,0,1
BRDA:21,7,0,0
BRDA:22,8,0,0
BRDA:25,9,0,0
BRDA:33,10,0,0
BRDA:35,11,0,0
BRDA:38,12,0,0
BRDA:43,13,0,1
BRDA:45,14,0,1
BRDA:50,15,0,1
BRF:16
BRH:10
end_of_record
TN:
SF:src/components/images/ImgReady.js
FN:8,ImgReady
FN:15,_callee
FN:15,_callee$
FN:43,readImg
FNF:4
FNH:3
FNDA:24,ImgReady
FNDA:8,_callee
FNDA:28,_callee$
FNDA:0,readImg
DA:1,1
DA:2,1
DA:3,1
DA:4,1
DA:5,1
DA:6,1
DA:7,1
DA:8,1
DA:9,24
DA:10,24
DA:11,24
DA:12,24
DA:13,24
DA:14,24
DA:15,8
DA:16,8
DA:17,8
DA:18,3
DA:19,3
DA:20,8
DA:21,8
DA:22,8
DA:23,8
DA:24,8
DA:25,8
DA:26,8
DA:27,4
DA:28,4
DA:29,0
DA:30,0
DA:31,0
DA:32,0
DA:33,0
DA:34,0
DA:35,8
DA:36,8
DA:37,8
DA:38,8
DA:39,8
DA:40,8
DA:41,8
DA:42,24
DA:43,24
DA:44,0
DA:45,0
DA:46,24
DA:47,24
DA:48,24
DA:49,16
DA:50,16
DA:51,16
DA:52,16
DA:53,16
DA:54,16
DA:55,16
DA:56,0
DA:57,0
DA:58,0
DA:59,0
DA:60,0
DA:61,16
DA:62,16
DA:63,16
DA:64,16
DA:65,24
DA:66,8
DA:67,8
DA:68,8
DA:69,8
DA:70,8
DA:71,8
DA:72,8
DA:73,24
DA:74,1
DA:75,1
LF:75
LH:62
BRDA:8,0,0,24
BRDA:48,1,0,16
BRDA:56,2,0,0
BRDA:65,3,0,8
BRDA:14,4,0,8
BRDA:15,5,0,8
BRDA:15,6,0,8
BRDA:15,7,0,28
BRDA:15,8,0,8
BRDA:17,9,0,5
BRDA:17,10,0,3
BRDA:26,11,0,4
BRDA:28,12,0,0
BRDA:31,13,0,0
BRDA:35,14,0,8
BRDA:37,15,0,8
BRF:16
BRH:13
end_of_record
TN:
SF:src/components/login/Login.js
FN:6,Login
FN:18,userLoggedIn
FN:24,_callee
FN:24,_callee$
FN:65,onChange
FN:73,onChange
FN:82,onClick
FNF:7
FNH:7
FNDA:10,Login
FNDA:1,userLoggedIn
FNDA:2,_callee
FNDA:9,_callee$
FNDA:2,onChange
FNDA:2,onChange
FNDA:1,onClick
DA:1,1
DA:2,1
DA:3,1
DA:4,1
DA:5,1
DA:6,1
DA:7,10
DA:8,10
DA:9,10
DA:10,10
DA:11,10
DA:12,10
DA:13,10
DA:14,10
DA:15,10
DA:16,10
DA:17,10
DA:18,10
DA:19,1
DA:20,1
DA:21,10
DA:22,10
DA:23,10
DA:24,10
DA:25,2
DA:26,2
DA:27,2
DA:28,2
DA:29,2
DA:30,2
DA:31,2
DA:32,2
DA:33,2
DA:34,2
DA:35,2
DA:36,2
DA:37,2
DA:38,2
DA:39,1
DA:40,1
DA:41,1
DA:42,1
DA:43,1
DA:44,0
DA:45,0
DA:46,1
DA:47,1
DA:48,1
DA:49,2
DA:50,2
DA:51,2
DA:52,0
DA:53,2
DA:54,10
DA:55,10
DA:56,10
DA:57,10
DA:58,10
DA:59,10
DA:60,10
DA:61,10
DA:62,10
DA:63,10
DA:64,10
DA:65,10
DA:66,10
DA:67,10
DA:68,10
DA:69,10
DA:70,10
DA:71,10
DA:72,10
DA:73,10
DA:74,10
DA:75,10
DA:76,10
DA:77,10
DA:78,10
DA:79,10
DA:80,10
DA:81,10
DA:82,10
DA:83,10
DA:84,10
DA:85,10
DA:86,10
DA:87,10
DA:88,10
DA:89,10
DA:90,10
DA:91,10
DA:92,10
DA:93,10
DA:94,1
DA:95,1
LF:95
LH:92
BRDA:6,0,0,10
BRDA:87,1,0,2
BRDA:87,2,0,1
BRDA:88,3,0,1
BRDA:18,4,0,1
BRDA:24,5,0,10
BRDA:24,6,0,2
BRDA:24,7,0,9
BRDA:24,8,0,11
BRDA:24,9,0,2
BRDA:36,10,0,2
BRDA:37,11,0,2
BRDA:38,12,0,1
BRDA:39,13,0,1
BRDA:47,14,0,1
BRDA:49,15,0,2
BRDA:53,16,0,2
BRDA:53,17,0,2
BRDA:65,18,0,2
BRDA:73,19,0,2
BRDA:82,20,0,1
BRF:21
BRH:21
end_of_record
TN:
SF:src/components/navbar/Navbar.js
FN:1,_getRequireWildcardCache
FN:1,_getRequireWildcardCache
FN:1,_interopRequireWildcard
FN:14,Navbar
FN:23,userLoggedOut
FNF:5
FNH:4
FNDA:3,_getRequireWildcardCache
FNDA:3,_getRequireWildcardCache
FNDA:3,_interopRequireWildcard
FNDA:25,Navbar
FNDA:0,userLoggedOut
DA:1,0
DA:2,1
DA:3,1
DA:4,1
DA:5,1
DA:6,1
DA:7,1
DA:8,1
DA:9,1
DA:10,1
DA:11,1
DA:12,1
DA:13,1
DA:14,1
DA:15,25
DA:16,25
DA:17,25
DA:18,25
DA:19,8
DA:20,8
DA:21,25
DA:22,25
DA:23,25
DA:24,0
DA:25,0
DA:26,0
DA:27,25
DA:28,25
DA:29,25
DA:30,17
DA:31,17
DA:32,17
DA:33,17
DA:34,17
DA:35,17
DA:36,17
DA:37,17
DA:38,17
DA:39,17
DA:40,17
DA:41,17
DA:42,6
DA:43,6
DA:44,6
DA:45,6
DA:46,6
DA:47,6
DA:48,6
DA:49,6
DA:50,17
DA:51,11
DA:52,11
DA:53,11
DA:54,11
DA:55,11
DA:56,11
DA:57,11
DA:58,11
DA:59,11
DA:60,11
DA:61,17
DA:62,17
DA:63,17
DA:64,17
DA:65,17
DA:66,25
DA:67,8
DA:68,8
DA:69,25
DA:70,1
DA:71,1
LF:71
LH:67
BRDA:1,0,0,3
BRDA:1,1,0,0
BRDA:1,2,0,3
BRDA:1,3,0,0
BRDA:1,4,0,3
BRDA:1,5,0,0
BRDA:1,6,0,0
BRDA:1,7,0,0
BRDA:1,8,0,0
BRDA:1,9,0,105
BRDA:1,10,0,0
BRDA:1,11,0,0
BRDA:14,12,0,25
BRDA:29,13,0,17
BRDA:41,14,0,6
BRDA:51,15,0,11
BRDA:66,16,0,8
BRDA:18,17,0,8
BRF:18
BRH:10
end_of_record
TN:
SF:src/components/otherUser/OtherUser.js
FN:10,OtherUser
FN:21,_callee
FN:21,_callee$
FNF:3
FNH:3
FNDA:2,OtherUser
FNDA:1,_callee
FNDA:4,_callee$
DA:1,1
DA:2,1
DA:3,1
DA:4,1
DA:5,1
DA:6,1
DA:7,1
DA:8,1
DA:9,1
DA:10,1
DA:11,2
DA:12,2
DA:13,2
DA:14,2
DA:15,2
DA:16,2
DA:17,2
DA:18,2
DA:19,1
DA:20,1
DA:21,1
DA:22,1
DA:23,1
DA:24,1
DA:25,1
DA:26,1
DA:27,1
DA:28,1
DA:29,1
DA:30,1
DA:31,1
DA:32,0
DA:33,1
DA:34,1
DA:35,1
DA:36,1
DA:37,0
DA:38,0
DA:39,1
DA:40,1
DA:41,1
DA:42,1
DA:43,1
DA:44,2
DA:45,2
DA:46,2
DA:47,1
DA:48,1
DA:49,1
DA:50,1
DA:51,1
DA:52,1
DA:53,1
DA:54,1
DA:55,1
DA:56,1
DA:57,1
DA:58,1
DA:59,1
DA:60,1
DA:61,1
DA:62,1
DA:63,1
DA:64,1
DA:65,1
DA:66,1
DA:67,1
DA:68,1
DA:69,1
DA:70,1
DA:71,1
DA:72,1
DA:73,1
DA:74,1
DA:75,1
DA:76,1
DA:77,1
DA:78,1
DA:79,1
DA:80,1
DA:81,1
DA:82,1
DA:83,1
DA:84,1
DA:85,1
DA:86,1
DA:87,1
DA:88,1
DA:89,1
DA:90,1
DA:91,1
DA:92,1
DA:93,1
DA:94,1
DA:95,1
DA:96,2
DA:97,1
DA:98,1
LF:98
LH:95
BRDA:10,0,0,2
BRDA:46,1,0,1
BRDA:51,2,0,0
BRDA:18,3,0,1
BRDA:21,4,0,1
BRDA:21,5,0,1
BRDA:21,6,0,4
BRDA:21,7,0,6
BRDA:21,8,0,1
BRDA:29,9,0,1
BRDA:30,10,0,1
BRDA:31,11,0,0
BRDA:32,12,0,1
BRDA:37,13,0,0
BRDA:39,14,0,1
BRF:15
BRH:12
end_of_record
TN:
SF:src/components/post/Comment.js
FN:10,Comment
FN:19,handleShowAddReply
FN:23,_callee
FN:50,_callee2
FN:50,_callee2$
FN:113,onChange
FNF:6
FNH:5
FNDA:4,Comment
FNDA:1,handleShowAddReply
FNDA:0,_callee
FNDA:1,_callee2
FNDA:4,_callee2$
FNDA:1,onChange
DA:1,1
DA:2,1
DA:3,1
DA:4,1
DA:5,1
DA:6,1
DA:7,1
DA:8,1
DA:9,1
DA:10,1
DA:11,4
DA:12,4
DA:13,4
DA:14,4
DA:15,4
DA:16,4
DA:17,4
DA:18,4
DA:19,4
DA:20,1
DA:21,4
DA:22,4
DA:23,4
DA:24,0
DA:25,0
DA:26,0
DA:27,0
DA:28,0
DA:29,0
DA:30,0
DA:31,0
DA:32,0
DA:33,0
DA:34,0
DA:35,0
DA:36,0
DA:37,0
DA:38,0
DA:39,0
DA:40,0
DA:41,0
DA:42,0
DA:43,0
DA:44,0
DA:45,0
DA:46,4
DA:47,4
DA:48,4
DA:49,4
DA:50,1
DA:51,1
DA:52,1
DA:53,1
DA:54,1
DA:55,1
DA:56,1
DA:57,1
DA:58,1
DA:59,1
DA:60,1
DA:61,1
DA:62,1
DA:63,1
DA:64,0
DA:65,1
DA:66,1
DA:67,1
DA:68,1
DA:69,0
DA:70,0
DA:71,1
DA:72,1
DA:73,1
DA:74,1
DA:75,1
DA:76,4
DA:77,4
DA:78,4
DA:79,3
DA:80,3
DA:81,3
DA:82,3
DA:83,3
DA:84,3
DA:85,3
DA:86,3
DA:87,3
DA:88,3
DA:89,3
DA:90,3
DA:91,3
DA:92,3
DA:93,3
DA:94,3
DA:95,3
DA:96,3
DA:97,3
DA:98,3
DA:99,3
DA:100,3
DA:101,3
DA:102,3
DA:103,3
DA:104,3
DA:105,3
DA:106,3
DA:107,2
DA:108,2
DA:109,2
DA:110,2
DA:111,2
DA:112,2
DA:113,2
DA:114,1
DA:115,1
DA:116,2
DA:117,2
DA:118,2
DA:119,3
DA:120,3
DA:121,3
DA:122,3
DA:123,0
DA:124,0
DA:125,3
DA:126,3
DA:127,3
DA:128,3
DA:129,3
DA:130,4
DA:131,1
DA:132,1
DA:133,4
DA:134,1
DA:135,1
LF:135
LH:108
BRDA:10,0,0,4
BRDA:78,1,0,3
BRDA:106,2,0,2
BRDA:118,3,0,0
BRDA:122,4,0,0
BRDA:130,5,0,1
BRDA:19,6,0,1
BRDA:23,7,0,4
BRDA:49,8,0,1
BRDA:50,9,0,1
BRDA:50,10,0,1
BRDA:50,11,0,4
BRDA:50,12,0,6
BRDA:50,13,0,1
BRDA:59,14,0,1
BRDA:61,15,0,1
BRDA:63,16,0,0
BRDA:64,17,0,1
BRDA:69,18,0,0
BRDA:71,19,0,1
BRDA:113,20,0,1
BRF:21
BRH:17
end_of_record
TN:
SF:src/components/post/CreatePost.js
FN:5,CreatePost
FN:17,_callee
FN:50,onChange
FN:62,onChange
FN:72,onChange
FN:93,onChange
FN:107,onChange
FN:117,onChange
FN:125,onChange
FNF:9
FNH:5
FNDA:9,CreatePost
FNDA:0,_callee
FNDA:1,onChange
FNDA:0,onChange
FNDA:1,onChange
FNDA:1,onChange
FNDA:1,onChange
FNDA:0,onChange
FNDA:0,onChange
DA:1,1
DA:2,1
DA:3,1
DA:4,1
DA:5,1
DA:6,9
DA:7,9
DA:8,9
DA:9,9
DA:10,9
DA:11,9
DA:12,9
DA:13,9
DA:14,9
DA:15,9
DA:16,9
DA:17,9
DA:18,0
DA:19,0
DA:20,0
DA:21,0
DA:22,0
DA:23,0
DA:24,0
DA:25,0
DA:26,0
DA:27,0
DA:28,0
DA:29,0
DA:30,0
DA:31,0
DA:32,0
DA:33,0
DA:34,0
DA:35,0
DA:36,0
DA:37,0
DA:38,0
DA:39,0
DA:40,0
DA:41,9
DA:42,9
DA:43,9
DA:44,9
DA:45,9
DA:46,9
DA:47,9
DA:48,9
DA:49,9
DA:50,9
DA:51,9
DA:52,9
DA:53,9
DA:54,9
DA:55,9
DA:56,9
DA:57,9
DA:58,9
DA:59,9
DA:60,9
DA:61,9
DA:62,9
DA:63,9
DA:64,9
DA:65,9
DA:66,9
DA:67,9
DA:68,9
DA:69,9
DA:70,9
DA:71,9
DA:72,9
DA:73,9
DA:74,9
DA:75,9
DA:76,9
DA:77,9
DA:78,9
DA:79,9
DA:80,9
DA:81,9
DA:82,9
DA:83,9
DA:84,9
DA:85,9
DA:86,9
DA:87,9
DA:88,9
DA:89,9
DA:90,9
DA:91,9
DA:92,9
DA:93,9
DA:94,9
DA:95,9
DA:96,9
DA:97,9
DA:98,9
DA:99,9
DA:100,9
DA:101,9
DA:102,9
DA:103,9
DA:104,9
DA:105,9
DA:106,9
DA:107,9
DA:108,9
DA:109,9
DA:110,9
DA:111,9
DA:112,9
DA:113,9
DA:114,9
DA:115,9
DA:116,9
DA:117,9
DA:118,9
DA:119,9
DA:120,9
DA:121,9
DA:122,9
DA:123,9
DA:124,9
DA:125,9
DA:126,9
DA:127,9
DA:128,9
DA:129,9
DA:130,9
DA:131,9
DA:132,9
DA:133,9
DA:134,9
DA:135,9
DA:136,9
DA:137,9
DA:138,9
DA:139,1
DA:140,1
LF:140
LH:117
BRDA:5,0,0,9
BRDA:135,1,0,0
BRDA:135,2,0,0
BRDA:17,3,0,9
BRDA:50,4,0,1
BRDA:72,5,0,1
BRDA:93,6,0,1
BRDA:107,7,0,1
BRF:8
BRH:6
end_of_record
TN:
SF:src/components/post/Post.js
FN:12,Post
FN:34,handleViewComments
FN:37,handleShowAddComment
FN:40,_callee
FN:118,onChange
FNF:5
FNH:4
FNDA:7,Post
FNDA:2,handleViewComments
FNDA:2,handleShowAddComment
FNDA:0,_callee
FNDA:1,onChange
DA:1,1
DA:2,1
DA:3,1
DA:4,1
DA:5,1
DA:6,1
DA:7,1
DA:8,1
DA:9,1
DA:10,1
DA:11,1
DA:12,1
DA:13,7
DA:14,7
DA:15,7
DA:16,7
DA:17,7
DA:18,7
DA:19,7
DA:20,7
DA:21,7
DA:22,7
DA:23,7
DA:24,7
DA:25,7
DA:26,7
DA:27,7
DA:28,7
DA:29,7
DA:30,7
DA:31,7
DA:32,7
DA:33,7
DA:34,7
DA:35,2
DA:36,7
DA:37,7
DA:38,2
DA:39,7
DA:40,7
DA:41,0
DA:42,0
DA:43,0
DA:44,0
DA:45,0
DA:46,0
DA:47,0
DA:48,0
DA:49,0
DA:50,0
DA:51,0
DA:52,0
DA:53,0
DA:54,0
DA:55,0
DA:56,0
DA:57,0
DA:58,0
DA:59,0
DA:60,0
DA:61,0
DA:62,0
DA:63,7
DA:64,7
DA:65,7
DA:66,7
DA:67,7
DA:68,7
DA:69,7
DA:70,7
DA:71,7
DA:72,7
DA:73,7
DA:74,7
DA:75,7
DA:76,7
DA:77,7
DA:78,7
DA:79,7
DA:80,7
DA:81,7
DA:82,7
DA:83,7
DA:84,7
DA:85,7
DA:86,7
DA:87,7
DA:88,7
DA:89,7
DA:90,7
DA:91,7
DA:92,7
DA:93,7
DA:94,7
DA:95,7
DA:96,7
DA:97,7
DA:98,7
DA:99,7
DA:100,7
DA:101,7
DA:102,7
DA:103,7
DA:104,7
DA:105,7
DA:106,7
DA:107,7
DA:108,7
DA:109,7
DA:110,7
DA:111,7
DA:112,2
DA:113,2
DA:114,2
DA:115,2
DA:116,2
DA:117,2
DA:118,2
DA:119,1
DA:120,1
DA:121,2
DA:122,2
DA:123,2
DA:124,7
DA:125,7
DA:126,7
DA:127,7
DA:128,1
DA:129,1
DA:130,0
DA:131,0
DA:132,0
DA:133,1
DA:134,1
DA:135,1
DA:136,7
DA:137,7
DA:138,7
DA:139,7
DA:140,7
DA:141,7
DA:142,7
DA:143,1
DA:144,1
LF:144
LH:119
BRDA:12,0,0,7
BRDA:111,1,0,2
BRDA:123,2,0,0
BRDA:123,3,0,0
BRDA:127,4,0,1
BRDA:129,5,0,0
BRDA:34,6,0,2
BRDA:37,7,0,2
BRDA:40,8,0,7
BRDA:118,9,0,1
BRF:10
BRH:7
end_of_record
TN:
SF:src/components/post/Reply.js
FN:9,Reply
FN:16,_callee
FN:16,_callee$
FNF:3
FNH:3
FNDA:2,Reply
FNDA:1,_callee
FNDA:4,_callee$
DA:1,1
DA:2,1
DA:3,1
DA:4,1
DA:5,1
DA:6,1
DA:7,1
DA:8,1
DA:9,1
DA:10,2
DA:11,2
DA:12,2
DA:13,2
DA:14,2
DA:15,2
DA:16,1
DA:17,1
DA:18,1
DA:19,1
DA:20,1
DA:21,1
DA:22,1
DA:23,1
DA:24,1
DA:25,1
DA:26,1
DA:27,1
DA:28,1
DA:29,1
DA:30,0
DA:31,1
DA:32,1
DA:33,1
DA:34,1
DA:35,0
DA:36,0
DA:37,1
DA:38,1
DA:39,1
DA:40,1
DA:41,1
DA:42,2
DA:43,2
DA:44,2
DA:45,1
DA:46,1
DA:47,1
DA:48,1
DA:49,1
DA:50,1
DA:51,1
DA:52,1
DA:53,1
DA:54,1
DA:55,1
DA:56,1
DA:57,1
DA:58,1
DA:59,1
DA:60,1
DA:61,1
DA:62,1
DA:63,1
DA:64,1
DA:65,1
DA:66,1
DA:67,1
DA:68,1
DA:69,2
DA:70,1
DA:71,1
LF:71
LH:68
BRDA:9,0,0,2
BRDA:44,1,0,1
BRDA:47,2,0,0
BRDA:15,3,0,1
BRDA:16,4,0,1
BRDA:16,5,0,1
BRDA:16,6,0,4
BRDA:16,7,0,6
BRDA:16,8,0,1
BRDA:25,9,0,1
BRDA:27,10,0,1
BRDA:29,11,0,0
BRDA:30,12,0,1
BRDA:35,13,0,0
BRDA:37,14,0,1
BRF:15
BRH:12
end_of_record
TN:
SF:src/components/register/Register.js
FN:7,Register
FN:24,validPass
FN:28,_callee
FN:70,onChange
FN:78,onChange
FN:86,onChange
FN:94,onChange
FN:109,onChange
FN:117,onChange
FN:136,onChange
FN:145,onClick
FNF:11
FNH:2
FNDA:1,Register
FNDA:0,validPass
FNDA:0,_callee
FNDA:0,onChange
FNDA:0,onChange
FNDA:0,onChange
FNDA:0,onChange
FNDA:0,onChange
FNDA:0,onChange
FNDA:0,onChange
FNDA:1,onClick
DA:1,1
DA:2,1
DA:3,1
DA:4,1
DA:5,1
DA:6,1
DA:7,1
DA:8,1
DA:9,1
DA:10,1
DA:11,1
DA:12,1
DA:13,1
DA:14,1
DA:15,1
DA:16,1
DA:17,1
DA:18,1
DA:19,1
DA:20,1
DA:21,1
DA:22,1
DA:23,1
DA:24,1
DA:25,0
DA:26,1
DA:27,1
DA:28,1
DA:29,0
DA:30,0
DA:31,0
DA:32,0
DA:33,0
DA:34,0
DA:35,0
DA:36,0
DA:37,0
DA:38,0
DA:39,0
DA:40,0
DA:41,0
DA:42,0
DA:43,0
DA:44,0
DA:45,0
DA:46,0
DA:47,0
DA:48,0
DA:49,0
DA:50,0
DA:51,0
DA:52,0
DA:53,0
DA:54,0
DA:55,0
DA:56,0
DA:57,0
DA:58,0
DA:59,0
DA:60,1
DA:61,1
DA:62,1
DA:63,1
DA:64,1
DA:65,1
DA:66,1
DA:67,1
DA:68,1
DA:69,1
DA:70,1
DA:71,1
DA:72,1
DA:73,1
DA:74,1
DA:75,1
DA:76,1
DA:77,1
DA:78,1
DA:79,1
DA:80,1
DA:81,1
DA:82,1
DA:83,1
DA:84,1
DA:85,1
DA:86,1
DA:87,1
DA:88,1
DA:89,1
DA:90,1
DA:91,1
DA:92,1
DA:93,1
DA:94,1
DA:95,1
DA:96,1
DA:97,1
DA:98,1
DA:99,1
DA:100,1
DA:101,1
DA:102,1
DA:103,1
DA:104,1
DA:105,1
DA:106,1
DA:107,1
DA:108,1
DA:109,1
DA:110,1
DA:111,1
DA:112,1
DA:113,1
DA:114,1
DA:115,1
DA:116,1
DA:117,1
DA:118,1
DA:119,1
DA:120,1
DA:121,1
DA:122,1
DA:123,1
DA:124,1
DA:125,1
DA:126,1
DA:127,1
DA:128,1
DA:129,1
DA:130,1
DA:131,1
DA:132,1
DA:133,1
DA:134,1
DA:135,1
DA:136,1
DA:137,0
DA:138,0
DA:139,1
DA:140,1
DA:141,1
DA:142,1
DA:143,1
DA:144,1
DA:145,1
DA:146,1
DA:147,1
DA:148,1
DA:149,1
DA:150,1
DA:151,1
DA:152,1
DA:153,1
DA:154,1
DA:155,1
DA:156,1
DA:157,1
DA:158,1
LF:158
LH:124
BRDA:7,0,0,1
BRDA:150,1,0,0
BRDA:150,2,0,0
BRDA:151,3,0,0
BRDA:28,4,0,1
BRDA:145,5,0,1
BRF:6
BRH:3
end_of_record
TN:
SF:src/components/userInfo/PasswordChange.js
FN:6,PasswordChange
FN:16,validPass
FN:20,_callee
FN:69,onChange
FN:79,onChange
FN:87,onChange
FN:106,onChange
FNF:7
FNH:1
FNDA:4,PasswordChange
FNDA:0,validPass
FNDA:0,_callee
FNDA:0,onChange
FNDA:0,onChange
FNDA:0,onChange
FNDA:0,onChange
DA:1,1
DA:2,1
DA:3,1
DA:4,1
DA:5,1
DA:6,1
DA:7,4
DA:8,4
DA:9,4
DA:10,4
DA:11,4
DA:12,4
DA:13,4
DA:14,4
DA:15,4
DA:16,4
DA:17,0
DA:18,4
DA:19,4
DA:20,4
DA:21,0
DA:22,0
DA:23,0
DA:24,0
DA:25,0
DA:26,0
DA:27,0
DA:28,0
DA:29,0
DA:30,0
DA:31,0
DA:32,0
DA:33,0
DA:34,0
DA:35,0
DA:36,0
DA:37,0
DA:38,0
DA:39,0
DA:40,0
DA:41,0
DA:42,0
DA:43,0
DA:44,0
DA:45,0
DA:46,0
DA:47,0
DA:48,0
DA:49,0
DA:50,0
DA:51,0
DA:52,0
DA:53,0
DA:54,0
DA:55,4
DA:56,4
DA:57,4
DA:58,4
DA:59,4
DA:60,4
DA:61,4
DA:62,4
DA:63,4
DA:64,4
DA:65,4
DA:66,4
DA:67,4
DA:68,4
DA:69,4
DA:70,4
DA:71,4
DA:72,4
DA:73,4
DA:74,4
DA:75,4
DA:76,4
DA:77,4
DA:78,4
DA:79,4
DA:80,4
DA:81,4
DA:82,4
DA:83,4
DA:84,4
DA:85,4
DA:86,4
DA:87,4
DA:88,4
DA:89,4
DA:90,4
DA:91,4
DA:92,4
DA:93,4
DA:94,4
DA:95,4
DA:96,4
DA:97,4
DA:98,4
DA:99,4
DA:100,4
DA:101,4
DA:102,4
DA:103,4
DA:104,4
DA:105,4
DA:106,4
DA:107,0
DA:108,0
DA:109,4
DA:110,4
DA:111,4
DA:112,4
DA:113,4
DA:114,4
DA:115,4
DA:116,4
DA:117,4
DA:118,1
DA:119,1
LF:119
LH:82
BRDA:6,0,0,4
BRDA:112,1,0,0
BRDA:113,2,0,0
BRDA:20,3,0,4
BRF:4
BRH:2
end_of_record
TN:
SF:src/components/userInfo/UserInfo.js
FN:7,UserInfo
FN:25,_callee
FN:57,handleToggle
FN:78,onChange
FN:83,onClick
FN:94,onChange
FN:99,onClick
FN:110,onChange
FN:115,onClick
FN:127,onChange
FN:134,onClick
FNF:11
FNH:1
FNDA:4,UserInfo
FNDA:0,_callee
FNDA:0,handleToggle
FNDA:0,onChange
FNDA:0,onClick
FNDA:0,onChange
FNDA:0,onClick
FNDA:0,onChange
FNDA:0,onClick
FNDA:0,onChange
FNDA:0,onClick
DA:1,1
DA:2,1
DA:3,1
DA:4,1
DA:5,1
DA:6,1
DA:7,1
DA:8,4
DA:9,4
DA:10,4
DA:11,4
DA:12,4
DA:13,4
DA:14,4
DA:15,4
DA:16,4
DA:17,4
DA:18,4
DA:19,4
DA:20,4
DA:21,4
DA:22,4
DA:23,4
DA:24,4
DA:25,4
DA:26,0
DA:27,0
DA:28,0
DA:29,0
DA:30,0
DA:31,0
DA:32,0
DA:33,0
DA:34,0
DA:35,0
DA:36,0
DA:37,0
DA:38,0
DA:39,0
DA:40,0
DA:41,0
DA:42,0
DA:43,0
DA:44,0
DA:45,0
DA:46,0
DA:47,0
DA:48,0
DA:49,0
DA:50,0
DA:51,0
DA:52,0
DA:53,0
DA:54,4
DA:55,4
DA:56,4
DA:57,4
DA:58,0
DA:59,0
DA:60,0
DA:61,0
DA:62,0
DA:63,4
DA:64,4
DA:65,4
DA:66,4
DA:67,4
DA:68,4
DA:69,4
DA:70,4
DA:71,4
DA:72,4
DA:73,4
DA:74,0
DA:75,0
DA:76,0
DA:77,0
DA:78,0
DA:79,0
DA:80,0
DA:81,4
DA:82,4
DA:83,4
DA:84,4
DA:85,4
DA:86,4
DA:87,4
DA:88,4
DA:89,4
DA:90,0
DA:91,0
DA:92,0
DA:93,0
DA:94,0
DA:95,0
DA:96,0
DA:97,4
DA:98,4
DA:99,4
DA:100,4
DA:101,4
DA:102,4
DA:103,4
DA:104,4
DA:105,4
DA:106,0
DA:107,0
DA:108,0
DA:109,0
DA:110,0
DA:111,0
DA:112,0
DA:113,4
DA:114,4
DA:115,4
DA:116,4
DA:117,4
DA:118,4
DA:119,4
DA:120,0
DA:121,0
DA:122,0
DA:123,0
DA:124,0
DA:125,0
DA:126,0
DA:127,0
DA:128,0
DA:129,0
DA:130,0
DA:131,0
DA:132,0
DA:133,0
DA:134,0
DA:135,0
DA:136,0
DA:137,0
DA:138,4
DA:139,4
DA:140,4
DA:141,4
DA:142,4
DA:143,4
DA:144,4
DA:145,4
DA:146,4
DA:147,4
DA:148,4
DA:149,4
DA:150,4
DA:151,4
DA:152,4
DA:153,1
DA:154,1
LF:154
LH:82
BRDA:7,0,0,4
BRDA:73,1,0,0
BRDA:89,2,0,0
BRDA:105,3,0,0
BRDA:119,4,0,0
BRDA:146,5,0,0
BRDA:147,6,0,0
BRDA:148,7,0,0
BRDA:25,8,0,4
BRF:9
BRH:2
end_of_record
TN:
SF:src/pages/Admin.js
FN:14,Admin
FN:17,toggleForm
FN:30,onClick
FN:38,onClick
FN:46,onClick
FN:54,onClick
FN:70,onClick
FNF:7
FNH:1
FNDA:1,Admin
FNDA:0,toggleForm
FNDA:0,onClick
FNDA:0,onClick
FNDA:0,onClick
FNDA:0,onClick
FNDA:0,onClick
DA:1,1
DA:2,1
DA:3,1
DA:4,1
DA:5,1
DA:6,1
DA:7,1
DA:8,1
DA:9,1
DA:10,1
DA:11,1
DA:12,1
DA:13,1
DA:14,1
DA:15,1
DA:16,1
DA:17,1
DA:18,0
DA:19,1
DA:20,1
DA:21,1
DA:22,1
DA:23,1
DA:24,1
DA:25,1
DA:26,1
DA:27,1
DA:28,1
DA:29,1
DA:30,1
DA:31,0
DA:32,0
DA:33,1
DA:34,1
DA:35,1
DA:36,1
DA:37,1
DA:38,1
DA:39,0
DA:40,0
DA:41,1
DA:42,1
DA:43,1
DA:44,1
DA:45,1
DA:46,1
DA:47,0
DA:48,0
DA:49,1
DA:50,1
DA:51,1
DA:52,1
DA:53,1
DA:54,1
DA:55,0
DA:56,0
DA:57,1
DA:58,1
DA:59,1
DA:60,1
DA:61,1
DA:62,1
DA:63,1
DA:64,1
DA:65,1
DA:66,1
DA:67,1
DA:68,1
DA:69,1
DA:70,1
DA:71,0
DA:72,0
DA:73,1
DA:74,1
DA:75,1
DA:76,1
DA:77,1
DA:78,1
DA:79,1
DA:80,1
DA:81,1
DA:82,1
DA:83,1
DA:84,1
DA:85,1
DA:86,1
DA:87,1
LF:87
LH:76
BRDA:14,0,0,1
BRDA:79,1,0,0
BRF:2
BRH:1
end_of_record
TN:
SF:src/pages/EmailConfirmation.js
FN:8,EmailConfirmation
FNF:1
FNH:1
FNDA:2,EmailConfirmation
DA:1,1
DA:2,1
DA:3,1
DA:4,1
DA:5,1
DA:6,1
DA:7,1
DA:8,1
DA:9,2
DA:10,2
DA:11,2
DA:12,2
DA:13,2
DA:14,2
DA:15,2
DA:16,2
DA:17,2
DA:18,1
DA:19,2
DA:20,2
DA:21,2
DA:22,2
DA:23,2
DA:24,1
DA:25,1
LF:25
LH:25
BRDA:8,0,0,2
BRDA:17,1,0,1
BRF:2
BRH:2
end_of_record
TN:
SF:src/pages/PageNotFound.js
FN:4,PageNotFound
FNF:1
FNH:1
FNDA:1,PageNotFound
DA:1,1
DA:2,1
DA:3,1
DA:4,1
DA:5,1
DA:6,1
DA:7,1
DA:8,1
DA:9,1
DA:10,1
DA:11,1
DA:12,1
DA:13,1
DA:14,1
DA:15,1
DA:16,1
DA:17,1
DA:18,1
DA:19,1
DA:20,1
DA:21,1
DA:22,1
LF:22
LH:22
BRDA:4,0,0,1
BRF:1
BRH:1
end_of_record
TN:
SF:src/pages/allPosts.js
FN:16,AllPosts
FN:23,_callee
FN:23,_callee$
FNF:3
FNH:3
FNDA:4,AllPosts
FNDA:2,_callee
FNDA:9,_callee$
DA:1,1
DA:2,1
DA:3,1
DA:4,1
DA:5,1
DA:6,1
DA:7,1
DA:8,1
DA:9,1
DA:10,1
DA:11,1
DA:12,1
DA:13,1
DA:14,1
DA:15,1
DA:16,1
DA:17,4
DA:18,4
DA:19,4
DA:20,4
DA:21,4
DA:22,4
DA:23,2
DA:24,2
DA:25,2
DA:26,2
DA:27,2
DA:28,2
DA:29,2
DA:30,2
DA:31,2
DA:32,2
DA:33,2
DA:34,2
DA:35,2
DA:36,2
DA:37,1
DA:38,1
DA:39,1
DA:40,1
DA:41,1
DA:42,1
DA:43,2
DA:44,2
DA:45,2
DA:46,2
DA:47,2
DA:48,4
DA:49,4
DA:50,4
DA:51,4
DA:52,4
DA:53,4
DA:54,4
DA:55,4
DA:56,4
DA:57,4
DA:58,4
DA:59,4
DA:60,4
DA:61,4
DA:62,4
DA:63,4
DA:64,4
DA:65,2
DA:66,2
DA:67,1
DA:68,1
DA:69,1
DA:70,1
DA:71,1
DA:72,1
DA:73,1
DA:74,1
DA:75,1
DA:76,1
DA:77,1
DA:78,1
DA:79,1
DA:80,1
DA:81,1
DA:82,1
DA:83,1
DA:84,2
DA:85,4
DA:86,4
DA:87,4
DA:88,4
DA:89,1
DA:90,4
DA:91,4
DA:92,4
DA:93,4
DA:94,4
DA:95,4
DA:96,4
DA:97,4
DA:98,1
DA:99,1
LF:99
LH:99
BRDA:16,0,0,4
BRDA:64,1,0,2
BRDA:87,2,0,1
BRDA:88,3,0,2
BRDA:88,4,0,1
BRDA:22,5,0,2
BRDA:23,6,0,2
BRDA:23,7,0,2
BRDA:23,8,0,9
BRDA:23,9,0,11
BRDA:23,10,0,2
BRDA:33,11,0,2
BRDA:34,12,0,2
BRDA:36,13,0,1
BRDA:37,14,0,1
BRDA:41,15,0,1
BRDA:43,16,0,2
BRDA:66,17,0,1
BRF:18
BRH:18
end_of_record
TN:
SF:src/pages/auth.js
FN:10,Auth
FN:12,toggleForm
FNF:2
FNH:2
FNDA:3,Auth
FNDA:2,toggleForm
DA:1,1
DA:2,1
DA:3,1
DA:4,1
DA:5,1
DA:6,1
DA:7,1
DA:8,1
DA:9,1
DA:10,1
DA:11,3
DA:12,3
DA:13,2
DA:14,3
DA:15,3
DA:16,3
DA:17,3
DA:18,3
DA:19,3
DA:20,2
DA:21,1
DA:22,1
DA:23,3
DA:24,3
DA:25,3
DA:26,3
DA:27,3
DA:28,1
DA:29,1
LF:29
LH:29
BRDA:10,0,0,3
BRDA:19,1,0,2
BRDA:21,2,0,1
BRDA:12,3,0,2
BRF:4
BRH:4
end_of_record
TN:
SF:src/pages/home.js
FN:21,Home
FN:23,handleClick
FNF:2
FNH:1
FNDA:1,Home
FNDA:0,handleClick
DA:1,1
DA:2,1
DA:3,1
DA:4,1
DA:5,1
DA:6,1
DA:7,1
DA:8,1
DA:9,1
DA:10,1
DA:11,1
DA:12,1
DA:13,1
DA:14,1
DA:15,1
DA:16,1
DA:17,1
DA:18,1
DA:19,1
DA:20,1
DA:21,1
DA:22,1
DA:23,1
DA:24,0
DA:25,1
DA:26,1
DA:27,1
DA:28,1
DA:29,1
DA:30,1
DA:31,1
DA:32,1
DA:33,1
DA:34,1
DA:35,1
DA:36,1
DA:37,1
DA:38,1
DA:39,1
DA:40,1
DA:41,1
DA:42,1
DA:43,1
DA:44,1
DA:45,1
DA:46,1
DA:47,1
DA:48,1
DA:49,1
DA:50,1
DA:51,1
DA:52,1
DA:53,1
DA:54,1
DA:55,1
DA:56,1
DA:57,1
DA:58,1
DA:59,1
DA:60,1
DA:61,1
DA:62,1
DA:63,1
DA:64,1
DA:65,1
DA:66,1
DA:67,1
DA:68,1
DA:69,1
DA:70,1
DA:71,1
DA:72,1
DA:73,1
DA:74,1
DA:75,1
DA:76,1
DA:77,1
DA:78,1
DA:79,1
DA:80,1
DA:81,1
DA:82,1
DA:83,1
DA:84,1
DA:85,1
DA:86,1
DA:87,1
DA:88,1
DA:89,1
DA:90,1
DA:91,1
LF:91
LH:90
BRDA:21,0,0,1
BRF:1
BRH:1
end_of_record
TN:
SF:src/pages/profile.js
FN:12,Profile
FN:25,_callee
FN:25,_callee$
FN:50,_callee2
FN:50,_callee2$
FN:95,handleChangePhoto
FNF:6
FNH:6
FNDA:6,Profile
FNDA:2,_callee
FNDA:8,_callee$
FNDA:1,_callee2
FNDA:5,_callee2$
FNDA:1,handleChangePhoto
DA:1,1
DA:2,1
DA:3,1
DA:4,1
DA:5,1
DA:6,1
DA:7,1
DA:8,1
DA:9,1
DA:10,1
DA:11,1
DA:12,1
DA:13,6
DA:14,6
DA:15,6
DA:16,6
DA:17,6
DA:18,6
DA:19,6
DA:20,6
DA:21,6
DA:22,6
DA:23,6
DA:24,6
DA:25,2
DA:26,2
DA:27,2
DA:28,2
DA:29,2
DA:30,2
DA:31,2
DA:32,2
DA:33,2
DA:34,2
DA:35,2
DA:36,0
DA:37,2
DA:38,2
DA:39,2
DA:40,2
DA:41,0
DA:42,0
DA:43,2
DA:44,2
DA:45,2
DA:46,2
DA:47,2
DA:48,6
DA:49,6
DA:50,6
DA:51,1
DA:52,1
DA:53,1
DA:54,1
DA:55,1
DA:56,1
DA:57,1
DA:58,1
DA:59,1
DA:60,1
DA:61,1
DA:62,1
DA:63,1
DA:64,1
DA:65,1
DA:66,1
DA:67,1
DA:68,1
DA:69,1
DA:70,1
DA:71,1
DA:72,1
DA:73,1
DA:74,0
DA:75,1
DA:76,1
DA:77,0
DA:78,1
DA:79,1
DA:80,0
DA:81,1
DA:82,1
DA:83,1
DA:84,0
DA:85,0
DA:86,0
DA:87,1
DA:88,0
DA:89,0
DA:90,1
DA:91,1
DA:92,6
DA:93,6
DA:94,6
DA:95,6
DA:96,1
DA:97,1
DA:98,6
DA:99,6
DA:100,6
DA:101,4
DA:102,4
DA:103,4
DA:104,4
DA:105,4
DA:106,4
DA:107,4
DA:108,4
DA:109,4
DA:110,4
DA:111,4
DA:112,3
DA:113,1
DA:114,1
DA:115,1
DA:116,1
DA:117,4
DA:118,4
DA:119,4
DA:120,4
DA:121,4
DA:122,3
DA:123,3
DA:124,3
DA:125,4
DA:126,4
DA:127,4
DA:128,4
DA:129,4
DA:130,4
DA:131,4
DA:132,4
DA:133,4
DA:134,4
DA:135,4
DA:136,4
DA:137,4
DA:138,4
DA:139,6
DA:140,2
DA:141,2
DA:142,2
DA:143,2
DA:144,2
DA:145,2
DA:146,2
DA:147,2
DA:148,2
DA:149,2
DA:150,6
DA:151,1
DA:152,1
LF:152
LH:141
BRDA:12,0,0,6
BRDA:100,1,0,4
BRDA:105,2,0,0
BRDA:106,3,0,2
BRDA:111,4,0,3
BRDA:113,5,0,1
BRDA:121,6,0,3
BRDA:126,7,0,1
BRDA:139,8,0,2
BRDA:24,9,0,2
BRDA:25,10,0,2
BRDA:25,11,0,2
BRDA:25,12,0,8
BRDA:25,13,0,12
BRDA:25,14,0,2
BRDA:33,15,0,2
BRDA:34,16,0,2
BRDA:35,17,0,0
BRDA:36,18,0,2
BRDA:41,19,0,0
BRDA:43,20,0,2
BRDA:50,21,0,6
BRDA:50,22,0,1
BRDA:50,23,0,5
BRDA:50,24,0,9
BRDA:50,25,0,1
BRDA:70,26,0,1
BRDA:71,27,0,1
BRDA:72,28,0,1
BRDA:73,29,0,0
BRDA:73,30,0,0
BRDA:74,31,0,1
BRDA:76,32,0,0
BRDA:77,33,0,1
BRDA:79,34,0,0
BRDA:80,35,0,1
BRDA:88,36,0,0
BRDA:90,37,0,1
BRDA:95,38,0,1
BRF:39
BRH:31
end_of_record
TN:
SF:src/util/AdminRoute.js
FN:7,AdminRoute
FN:12,adminAuth
FNF:2
FNH:2
FNDA:2,AdminRoute
FNDA:1,adminAuth
DA:1,1
DA:2,1
DA:3,1
DA:4,1
DA:5,1
DA:6,1
DA:7,1
DA:8,2
DA:9,2
DA:10,2
DA:11,2
DA:12,2
DA:13,1
DA:14,1
DA:15,1
DA:16,0
DA:17,0
DA:18,0
DA:19,0
DA:20,0
DA:21,1
DA:22,1
DA:23,1
DA:24,1
DA:25,1
DA:26,1
DA:27,1
DA:28,1
DA:29,0
DA:30,0
DA:31,0
DA:32,0
DA:33,2
DA:34,2
DA:35,2
DA:36,1
DA:37,2
DA:38,2
DA:39,2
DA:40,2
DA:41,1
DA:42,1
LF:42
LH:33
BRDA:7,0,0,2
BRDA:39,1,0,0
BRDA:12,2,0,1
BRDA:15,3,0,0
BRDA:28,4,0,0
BRDA:35,5,0,1
BRF:6
BRH:3
end_of_record
TN:
SF:src/util/ProtectedRoute.js
FN:5,ProtectedRoute
FN:10,checkUserToken
FNF:2
FNH:2
FNDA:3,ProtectedRoute
FNDA:2,checkUserToken
DA:1,1
DA:2,1
DA:3,1
DA:4,1
DA:5,1
DA:6,3
DA:7,3
DA:8,3
DA:9,3
DA:10,3
DA:11,2
DA:12,2
DA:13,0
DA:14,0
DA:15,0
DA:16,2
DA:17,2
DA:18,3
DA:19,3
DA:20,3
DA:21,2
DA:22,3
DA:23,3
DA:24,3
DA:25,1
LF:25
LH:22
BRDA:5,0,0,3
BRDA:23,1,0,2
BRDA:23,2,0,1
BRDA:10,3,0,2
BRDA:12,4,0,0
BRDA:20,5,0,2
BRF:6
BRH:5
end_of_record
